2023-02-06 18:03:41,640 INFO  [org.jboss.modules] (main) JBoss Modules version 2.0.2.Final
2023-02-06 18:03:41,951 INFO  [org.jboss.msc] (main) JBoss MSC version 1.4.13.Final
2023-02-06 18:03:41,956 INFO  [org.jboss.threads] (main) JBoss Threads version 2.4.0.Final
2023-02-06 18:03:42,022 INFO  [org.jboss.as] (MSC service thread 1-2) WFLYSRV0049: WildFly Full 26.1.3.Final (WildFly Core 18.1.2.Final) starting
2023-02-06 18:03:42,023 DEBUG [org.jboss.as.config] (MSC service thread 1-2) Configured system properties:
	[Standalone] = 
	file.encoding = UTF-8
	file.separator = /
	java.awt.headless = true
	java.class.path = /home/takima/Workspace/HelloWorld/wildfly-26.1.3.Final/jboss-modules.jar
	java.class.version = 63.0
	java.home = /usr/lib/jvm/java-19-openjdk-amd64
	java.io.tmpdir = /tmp
	java.library.path = /usr/java/packages/lib:/usr/lib/x86_64-linux-gnu/jni:/lib/x86_64-linux-gnu:/usr/lib/x86_64-linux-gnu:/usr/lib/jni:/lib:/usr/lib
	java.net.preferIPv4Stack = true
	java.runtime.name = OpenJDK Runtime Environment
	java.runtime.version = 19.0.1+10-Ubuntu-1ubuntu122.04
	java.security.manager = allow
	java.specification.name = Java Platform API Specification
	java.specification.vendor = Oracle Corporation
	java.specification.version = 19
	java.util.logging.manager = org.jboss.logmanager.LogManager
	java.vendor = Private Build
	java.vendor.url = Unknown
	java.vendor.url.bug = Unknown
	java.version = 19.0.1
	java.version.date = 2022-10-18
	java.vm.compressedOopsMode = 32-bit
	java.vm.info = mixed mode, sharing
	java.vm.name = OpenJDK 64-Bit Server VM
	java.vm.specification.name = Java Virtual Machine Specification
	java.vm.specification.vendor = Oracle Corporation
	java.vm.specification.version = 19
	java.vm.vendor = Private Build
	java.vm.version = 19.0.1+10-Ubuntu-1ubuntu122.04
	javax.management.builder.initial = org.jboss.as.jmx.PluggableMBeanServerBuilder
	jboss.home.dir = /home/takima/Workspace/HelloWorld/wildfly-26.1.3.Final
	jboss.host.name = laptop-1081
	jboss.modules.dir = /home/takima/Workspace/HelloWorld/wildfly-26.1.3.Final/modules
	jboss.modules.system.pkgs = org.jboss.byteman
	jboss.node.name = laptop-1081
	jboss.qualified.host.name = laptop-1081
	jboss.server.base.dir = /home/takima/Workspace/HelloWorld/wildfly-26.1.3.Final/standalone
	jboss.server.config.dir = /home/takima/Workspace/HelloWorld/wildfly-26.1.3.Final/standalone/configuration
	jboss.server.data.dir = /home/takima/Workspace/HelloWorld/wildfly-26.1.3.Final/standalone/data
	jboss.server.deploy.dir = /home/takima/Workspace/HelloWorld/wildfly-26.1.3.Final/standalone/data/content
	jboss.server.log.dir = /home/takima/Workspace/HelloWorld/wildfly-26.1.3.Final/standalone/log
	jboss.server.name = laptop-1081
	jboss.server.persist.config = true
	jboss.server.temp.dir = /home/takima/Workspace/HelloWorld/wildfly-26.1.3.Final/standalone/tmp
	jdk.debug = release
	line.separator = 

	logging.configuration = file:/home/takima/Workspace/HelloWorld/wildfly-26.1.3.Final/standalone/configuration/logging.properties
	module.path = /home/takima/Workspace/HelloWorld/wildfly-26.1.3.Final/modules
	native.encoding = UTF-8
	org.jboss.boot.log.file = /home/takima/Workspace/HelloWorld/wildfly-26.1.3.Final/standalone/log/server.log
	org.jboss.resolver.warning = true
	os.arch = amd64
	os.name = Linux
	os.version = 5.15.0-58-generic
	path.separator = :
	stderr.encoding = UTF-8
	stdout.encoding = UTF-8
	sun.arch.data.model = 64
	sun.boot.library.path = /usr/lib/jvm/java-19-openjdk-amd64/lib
	sun.cpu.endian = little
	sun.io.unicode.encoding = UnicodeLittle
	sun.java.command = /home/takima/Workspace/HelloWorld/wildfly-26.1.3.Final/jboss-modules.jar -mp /home/takima/Workspace/HelloWorld/wildfly-26.1.3.Final/modules org.jboss.as.standalone -Djboss.home.dir=/home/takima/Workspace/HelloWorld/wildfly-26.1.3.Final -Djboss.server.base.dir=/home/takima/Workspace/HelloWorld/wildfly-26.1.3.Final/standalone
	sun.java.launcher = SUN_STANDARD
	sun.jnu.encoding = UTF-8
	sun.management.compiler = HotSpot 64-Bit Tiered Compilers
	user.country = FR
	user.dir = /home/takima/Workspace/HelloWorld
	user.home = /home/takima
	user.language = fr
	user.name = takima
	user.timezone = Europe/Paris
2023-02-06 18:03:42,026 DEBUG [org.jboss.as.config] (MSC service thread 1-2) VM Arguments: -D[Standalone] -Xms64m -Xmx512m -XX:MetaspaceSize=96M -XX:MaxMetaspaceSize=256m -Djava.net.preferIPv4Stack=true -Djboss.modules.system.pkgs=org.jboss.byteman -Djava.awt.headless=true --add-exports=java.desktop/sun.awt=ALL-UNNAMED --add-exports=java.naming/com.sun.jndi.ldap=ALL-UNNAMED --add-exports=java.naming/com.sun.jndi.url.ldap=ALL-UNNAMED --add-exports=java.naming/com.sun.jndi.url.ldaps=ALL-UNNAMED --add-opens=java.base/java.lang=ALL-UNNAMED --add-opens=java.base/java.lang.invoke=ALL-UNNAMED --add-opens=java.base/java.lang.reflect=ALL-UNNAMED --add-opens=java.base/java.io=ALL-UNNAMED --add-opens=java.base/java.security=ALL-UNNAMED --add-opens=java.base/java.util=ALL-UNNAMED --add-opens=java.base/java.util.concurrent=ALL-UNNAMED --add-opens=java.management/javax.management=ALL-UNNAMED --add-opens=java.naming/javax.naming=ALL-UNNAMED -Djava.security.manager=allow -Dorg.jboss.boot.log.file=/home/takima/Workspace/HelloWorld/wildfly-26.1.3.Final/standalone/log/server.log -Dlogging.configuration=file:/home/takima/Workspace/HelloWorld/wildfly-26.1.3.Final/standalone/configuration/logging.properties 
2023-02-06 18:03:42,402 INFO  [org.wildfly.security] (ServerService Thread Pool -- 22) ELY00001: WildFly Elytron version 1.19.1.Final
2023-02-06 18:03:42,748 INFO  [org.jboss.as.repository] (ServerService Thread Pool -- 37) WFLYDR0001: Content added at location /home/takima/Workspace/HelloWorld/wildfly-26.1.3.Final/standalone/data/content/b2/bba823569f711dc3a2d1f9714beeb7626bf05c/content
2023-02-06 18:03:42,783 INFO  [org.jboss.as.server] (Controller Boot Thread) WFLYSRV0039: Creating http management service using socket-binding (management-http)
2023-02-06 18:03:42,792 INFO  [org.xnio] (MSC service thread 1-8) XNIO version 3.8.7.Final
2023-02-06 18:03:42,797 INFO  [org.xnio.nio] (MSC service thread 1-8) XNIO NIO Implementation Version 3.8.7.Final
2023-02-06 18:03:42,826 INFO  [org.wildfly.extension.health] (ServerService Thread Pool -- 53) WFLYHEALTH0001: Activating Base Health Subsystem
2023-02-06 18:03:42,826 INFO  [org.wildfly.extension.elytron.oidc._private] (ServerService Thread Pool -- 52) WFLYOIDC0001: Activating WildFly Elytron OIDC Subsystem
2023-02-06 18:03:42,832 INFO  [org.jboss.remoting] (MSC service thread 1-4) JBoss Remoting version 5.0.25.Final
2023-02-06 18:03:42,833 INFO  [org.wildfly.extension.io] (ServerService Thread Pool -- 55) WFLYIO001: Worker 'default' has auto-configured to 24 IO threads with 192 max task threads based on your 12 available processors
2023-02-06 18:03:42,835 INFO  [org.jboss.as.jaxrs] (ServerService Thread Pool -- 56) WFLYRS0016: RESTEasy version 4.7.7.Final
2023-02-06 18:03:42,833 INFO  [org.jboss.as.clustering.infinispan] (ServerService Thread Pool -- 54) WFLYCLINF0001: Activating Infinispan subsystem.
2023-02-06 18:03:42,845 INFO  [org.wildfly.extension.microprofile.config.smallrye] (ServerService Thread Pool -- 64) WFLYCONF0001: Activating MicroProfile Config Subsystem
2023-02-06 18:03:42,851 INFO  [org.wildfly.extension.microprofile.jwt.smallrye] (ServerService Thread Pool -- 65) WFLYJWT0001: Activating MicroProfile JWT Subsystem
2023-02-06 18:03:42,860 INFO  [org.wildfly.extension.microprofile.opentracing] (ServerService Thread Pool -- 66) WFLYTRACEXT0001: Activating MicroProfile OpenTracing Subsystem
2023-02-06 18:03:42,860 INFO  [org.jboss.as.naming] (ServerService Thread Pool -- 67) WFLYNAM0001: Activating Naming Subsystem
2023-02-06 18:03:42,864 INFO  [org.jboss.as.connector.subsystems.datasources] (ServerService Thread Pool -- 44) WFLYJCA0004: Deploying JDBC-compliant driver class org.h2.Driver (version 1.4)
2023-02-06 18:03:42,866 INFO  [org.jboss.as.jsf] (ServerService Thread Pool -- 61) WFLYJSF0007: Activated the following Jakarta Server Faces Implementations: [main]
2023-02-06 18:03:42,877 WARN  [org.jboss.as.txn] (ServerService Thread Pool -- 74) WFLYTX0013: The node-identifier attribute on the /subsystem=transactions is set to the default value. This is a danger for environments running multiple servers. Please make sure the attribute value is unique.
2023-02-06 18:03:42,886 INFO  [org.jboss.as.connector] (MSC service thread 1-7) WFLYJCA0009: Starting Jakarta Connectors Subsystem (WildFly/IronJacamar 1.5.3.Final)
2023-02-06 18:03:42,898 INFO  [org.jboss.as.connector.deployers.jdbc] (MSC service thread 1-1) WFLYJCA0018: Started Driver service with driver-name = h2
2023-02-06 18:03:42,911 INFO  [org.wildfly.extension.metrics] (ServerService Thread Pool -- 63) WFLYMETRICS0001: Activating Base Metrics Subsystem
2023-02-06 18:03:42,916 INFO  [org.jboss.as.webservices] (ServerService Thread Pool -- 76) WFLYWS0002: Activating WebServices Extension
2023-02-06 18:03:42,935 INFO  [org.jboss.as.mail.extension] (MSC service thread 1-7) WFLYMAIL0001: Bound mail session [java:jboss/mail/Default]
2023-02-06 18:03:42,936 INFO  [org.jboss.as.naming] (MSC service thread 1-8) WFLYNAM0003: Starting Naming Service
2023-02-06 18:03:42,947 INFO  [org.wildfly.extension.undertow] (MSC service thread 1-4) WFLYUT0003: Undertow 2.2.19.Final starting
2023-02-06 18:03:43,000 INFO  [org.wildfly.extension.undertow] (ServerService Thread Pool -- 75) WFLYUT0014: Creating file handler for path '/home/takima/Workspace/HelloWorld/wildfly-26.1.3.Final/welcome-content' with options [directory-listing: 'false', follow-symlink: 'false', case-sensitive: 'true', safe-symlink-paths: '[]']
2023-02-06 18:03:43,010 INFO  [org.wildfly.extension.undertow] (MSC service thread 1-8) WFLYUT0012: Started server default-server.
2023-02-06 18:03:43,012 INFO  [org.wildfly.extension.undertow] (MSC service thread 1-3) Queuing requests.
2023-02-06 18:03:43,014 INFO  [org.wildfly.extension.undertow] (MSC service thread 1-3) WFLYUT0018: Host default-host starting
2023-02-06 18:03:43,015 WARN  [org.wildfly.extension.elytron] (MSC service thread 1-2) WFLYELY00023: KeyStore file '/home/takima/Workspace/HelloWorld/wildfly-26.1.3.Final/standalone/configuration/application.keystore' does not exist. Used blank.
2023-02-06 18:03:43,018 INFO  [org.jboss.as.ejb3] (MSC service thread 1-4) WFLYEJB0482: Strict pool mdb-strict-max-pool is using a max instance size of 48 (per class), which is derived from the number of CPUs on this host.
2023-02-06 18:03:43,018 INFO  [org.jboss.as.ejb3] (MSC service thread 1-5) WFLYEJB0481: Strict pool slsb-strict-max-pool is using a max instance size of 192 (per class), which is derived from thread worker pool sizing.
2023-02-06 18:03:43,020 WARN  [org.wildfly.extension.elytron] (MSC service thread 1-3) WFLYELY01084: KeyStore /home/takima/Workspace/HelloWorld/wildfly-26.1.3.Final/standalone/configuration/application.keystore not found, it will be auto generated on first use with a self-signed certificate for host localhost
2023-02-06 18:03:43,065 INFO  [org.wildfly.extension.undertow] (MSC service thread 1-8) WFLYUT0006: Undertow HTTP listener default listening on 127.0.0.1:8080
2023-02-06 18:03:43,100 INFO  [org.jboss.as.ejb3] (MSC service thread 1-2) WFLYEJB0493: Jakarta Enterprise Beans subsystem suspension complete
2023-02-06 18:03:43,132 INFO  [org.wildfly.extension.undertow] (MSC service thread 1-6) WFLYUT0006: Undertow HTTPS listener https listening on 127.0.0.1:8443
2023-02-06 18:03:43,150 INFO  [org.jboss.as.connector.subsystems.datasources] (MSC service thread 1-8) WFLYJCA0001: Bound data source [java:jboss/datasources/ExampleDS]
2023-02-06 18:03:43,252 INFO  [org.jboss.as.patching] (MSC service thread 1-8) WFLYPAT0050: WildFly Full cumulative patch ID is: base, one-off patches include: none
2023-02-06 18:03:43,256 INFO  [org.jboss.as.server.deployment.scanner] (MSC service thread 1-7) WFLYDS0013: Started FileSystemDeploymentService for directory /home/takima/Workspace/HelloWorld/wildfly-26.1.3.Final/standalone/deployments
2023-02-06 18:03:43,260 INFO  [org.jboss.as.server.deployment] (MSC service thread 1-4) WFLYSRV0027: Starting deployment of "helloworld.war" (runtime-name: "helloworld.war")
2023-02-06 18:03:43,289 INFO  [org.jboss.ws.common.management] (MSC service thread 1-2) JBWS022052: Starting JBossWS 5.5.0.Final (Apache CXF 3.4.10) 
2023-02-06 18:03:43,766 INFO  [org.infinispan.CONTAINER] (ServerService Thread Pool -- 78) ISPN000128: Infinispan version: Infinispan 'Triskaidekaphobia' 13.0.10.Final
2023-02-06 18:03:43,813 INFO  [org.infinispan.CONTAINER] (ServerService Thread Pool -- 78) ISPN000556: Starting user marshaller 'org.wildfly.clustering.infinispan.spi.marshalling.InfinispanProtoStreamMarshaller'
2023-02-06 18:03:44,011 INFO  [org.infinispan.CONFIG] (MSC service thread 1-5) ISPN000152: Passivation configured without an eviction policy being selected. Only manually evicted entities will be passivated.
2023-02-06 18:03:44,012 INFO  [org.infinispan.CONFIG] (MSC service thread 1-5) ISPN000152: Passivation configured without an eviction policy being selected. Only manually evicted entities will be passivated.
2023-02-06 18:03:44,018 INFO  [org.infinispan.CONTAINER] (ServerService Thread Pool -- 78) ISPN000025: wakeUpInterval is <= 0, not starting expired purge thread
2023-02-06 18:03:44,020 INFO  [org.jboss.as.clustering.infinispan] (ServerService Thread Pool -- 78) WFLYCLINF0002: Started http-remoting-connector cache from ejb container
2023-02-06 18:03:44,071 INFO  [org.wildfly.extension.undertow] (ServerService Thread Pool -- 78) WFLYUT0021: Registered web context: '/helloworld' for server 'default-server'
2023-02-06 18:03:44,122 INFO  [org.jboss.as.server] (ServerService Thread Pool -- 45) WFLYSRV0010: Deployed "helloworld.war" (runtime-name : "helloworld.war")
2023-02-06 18:03:44,149 INFO  [org.jboss.as.server] (Controller Boot Thread) WFLYSRV0212: Resuming server
2023-02-06 18:03:44,151 INFO  [org.jboss.as] (Controller Boot Thread) WFLYSRV0025: WildFly Full 26.1.3.Final (WildFly Core 18.1.2.Final) started in 2721ms - Started 399 of 601 services (341 services are lazy, passive or on-demand) - Server configuration file in use: standalone.xml
2023-02-06 18:03:44,152 INFO  [org.jboss.as] (Controller Boot Thread) WFLYSRV0060: Http management interface listening on http://127.0.0.1:9990/management
2023-02-06 18:03:44,152 INFO  [org.jboss.as] (Controller Boot Thread) WFLYSRV0051: Admin console listening on http://127.0.0.1:9990
2023-02-06 18:05:34,893 INFO  [org.jboss.as.server] (Thread-1) WFLYSRV0272: Suspending server
2023-02-06 18:05:34,897 INFO  [org.jboss.as.ejb3] (Thread-1) WFLYEJB0493: Jakarta Enterprise Beans subsystem suspension complete
2023-02-06 18:05:34,901 INFO  [org.jboss.as.server] (Thread-1) WFLYSRV0220: Server shutdown has been requested via an OS signal
2023-02-06 18:05:34,925 INFO  [org.jboss.as.mail.extension] (MSC service thread 1-7) WFLYMAIL0002: Unbound mail session [java:jboss/mail/Default]
2023-02-06 18:05:34,929 INFO  [org.wildfly.extension.undertow] (ServerService Thread Pool -- 82) WFLYUT0022: Unregistered web context: '/helloworld' from server 'default-server'
2023-02-06 18:05:34,933 INFO  [org.wildfly.extension.undertow] (MSC service thread 1-4) WFLYUT0019: Host default-host stopping
2023-02-06 18:05:34,933 INFO  [org.jboss.as.connector.subsystems.datasources] (MSC service thread 1-1) WFLYJCA0010: Unbound data source [java:jboss/datasources/ExampleDS]
2023-02-06 18:05:34,934 INFO  [org.jboss.as.connector.deployers.jdbc] (MSC service thread 1-1) WFLYJCA0019: Stopped Driver service with driver-name = h2
2023-02-06 18:05:34,942 INFO  [org.jboss.as.clustering.infinispan] (ServerService Thread Pool -- 83) WFLYCLINF0003: Stopped http-remoting-connector cache from ejb container
2023-02-06 18:05:34,952 INFO  [org.wildfly.extension.undertow] (MSC service thread 1-2) WFLYUT0008: Undertow HTTPS listener https suspending
2023-02-06 18:05:34,952 INFO  [org.wildfly.extension.undertow] (MSC service thread 1-3) WFLYUT0008: Undertow HTTP listener default suspending
2023-02-06 18:05:34,953 INFO  [org.wildfly.extension.undertow] (MSC service thread 1-2) WFLYUT0007: Undertow HTTPS listener https stopped, was bound to 127.0.0.1:8443
2023-02-06 18:05:34,953 INFO  [org.wildfly.extension.undertow] (MSC service thread 1-3) WFLYUT0007: Undertow HTTP listener default stopped, was bound to 127.0.0.1:8080
2023-02-06 18:05:34,953 INFO  [org.jboss.as.server.deployment] (MSC service thread 1-6) WFLYSRV0028: Stopped deployment helloworld.war (runtime-name: helloworld.war) in 49ms
2023-02-06 18:05:34,953 INFO  [org.wildfly.extension.undertow] (MSC service thread 1-1) WFLYUT0004: Undertow 2.2.19.Final stopping
2023-02-06 18:05:34,960 INFO  [org.jboss.as] (MSC service thread 1-7) WFLYSRV0050: WildFly Full 26.1.3.Final (WildFly Core 18.1.2.Final) stopped in 50ms
2023-02-06 18:05:43,161 INFO  [org.jboss.modules] (main) JBoss Modules version 2.0.2.Final
2023-02-06 18:05:43,491 INFO  [org.jboss.msc] (main) JBoss MSC version 1.4.13.Final
2023-02-06 18:05:43,495 INFO  [org.jboss.threads] (main) JBoss Threads version 2.4.0.Final
2023-02-06 18:05:43,561 INFO  [org.jboss.as] (MSC service thread 1-2) WFLYSRV0049: WildFly Full 26.1.3.Final (WildFly Core 18.1.2.Final) starting
2023-02-06 18:05:43,562 DEBUG [org.jboss.as.config] (MSC service thread 1-2) Configured system properties:
	[Standalone] = 
	file.encoding = UTF-8
	file.separator = /
	java.awt.headless = true
	java.class.path = /home/takima/Workspace/HelloWorld/wildfly-26.1.3.Final/jboss-modules.jar
	java.class.version = 63.0
	java.home = /usr/lib/jvm/java-19-openjdk-amd64
	java.io.tmpdir = /tmp
	java.library.path = /usr/java/packages/lib:/usr/lib/x86_64-linux-gnu/jni:/lib/x86_64-linux-gnu:/usr/lib/x86_64-linux-gnu:/usr/lib/jni:/lib:/usr/lib
	java.net.preferIPv4Stack = true
	java.runtime.name = OpenJDK Runtime Environment
	java.runtime.version = 19.0.1+10-Ubuntu-1ubuntu122.04
	java.security.manager = allow
	java.specification.name = Java Platform API Specification
	java.specification.vendor = Oracle Corporation
	java.specification.version = 19
	java.util.logging.manager = org.jboss.logmanager.LogManager
	java.vendor = Private Build
	java.vendor.url = Unknown
	java.vendor.url.bug = Unknown
	java.version = 19.0.1
	java.version.date = 2022-10-18
	java.vm.compressedOopsMode = 32-bit
	java.vm.info = mixed mode, sharing
	java.vm.name = OpenJDK 64-Bit Server VM
	java.vm.specification.name = Java Virtual Machine Specification
	java.vm.specification.vendor = Oracle Corporation
	java.vm.specification.version = 19
	java.vm.vendor = Private Build
	java.vm.version = 19.0.1+10-Ubuntu-1ubuntu122.04
	javax.management.builder.initial = org.jboss.as.jmx.PluggableMBeanServerBuilder
	jboss.home.dir = /home/takima/Workspace/HelloWorld/wildfly-26.1.3.Final
	jboss.host.name = laptop-1081
	jboss.modules.dir = /home/takima/Workspace/HelloWorld/wildfly-26.1.3.Final/modules
	jboss.modules.system.pkgs = org.jboss.byteman
	jboss.node.name = laptop-1081
	jboss.qualified.host.name = laptop-1081
	jboss.server.base.dir = /home/takima/Workspace/HelloWorld/wildfly-26.1.3.Final/standalone
	jboss.server.config.dir = /home/takima/Workspace/HelloWorld/wildfly-26.1.3.Final/standalone/configuration
	jboss.server.data.dir = /home/takima/Workspace/HelloWorld/wildfly-26.1.3.Final/standalone/data
	jboss.server.deploy.dir = /home/takima/Workspace/HelloWorld/wildfly-26.1.3.Final/standalone/data/content
	jboss.server.log.dir = /home/takima/Workspace/HelloWorld/wildfly-26.1.3.Final/standalone/log
	jboss.server.name = laptop-1081
	jboss.server.persist.config = true
	jboss.server.temp.dir = /home/takima/Workspace/HelloWorld/wildfly-26.1.3.Final/standalone/tmp
	jdk.debug = release
	line.separator = 

	logging.configuration = file:/home/takima/Workspace/HelloWorld/wildfly-26.1.3.Final/standalone/configuration/logging.properties
	module.path = /home/takima/Workspace/HelloWorld/wildfly-26.1.3.Final/modules
	native.encoding = UTF-8
	org.jboss.boot.log.file = /home/takima/Workspace/HelloWorld/wildfly-26.1.3.Final/standalone/log/server.log
	org.jboss.resolver.warning = true
	os.arch = amd64
	os.name = Linux
	os.version = 5.15.0-58-generic
	path.separator = :
	stderr.encoding = UTF-8
	stdout.encoding = UTF-8
	sun.arch.data.model = 64
	sun.boot.library.path = /usr/lib/jvm/java-19-openjdk-amd64/lib
	sun.cpu.endian = little
	sun.io.unicode.encoding = UnicodeLittle
	sun.java.command = /home/takima/Workspace/HelloWorld/wildfly-26.1.3.Final/jboss-modules.jar -mp /home/takima/Workspace/HelloWorld/wildfly-26.1.3.Final/modules org.jboss.as.standalone -Djboss.home.dir=/home/takima/Workspace/HelloWorld/wildfly-26.1.3.Final -Djboss.server.base.dir=/home/takima/Workspace/HelloWorld/wildfly-26.1.3.Final/standalone
	sun.java.launcher = SUN_STANDARD
	sun.jnu.encoding = UTF-8
	sun.management.compiler = HotSpot 64-Bit Tiered Compilers
	user.country = FR
	user.dir = /home/takima/Workspace/HelloWorld
	user.home = /home/takima
	user.language = fr
	user.name = takima
	user.timezone = Europe/Paris
2023-02-06 18:05:43,563 DEBUG [org.jboss.as.config] (MSC service thread 1-2) VM Arguments: -D[Standalone] -Xms64m -Xmx512m -XX:MetaspaceSize=96M -XX:MaxMetaspaceSize=256m -Djava.net.preferIPv4Stack=true -Djboss.modules.system.pkgs=org.jboss.byteman -Djava.awt.headless=true --add-exports=java.desktop/sun.awt=ALL-UNNAMED --add-exports=java.naming/com.sun.jndi.ldap=ALL-UNNAMED --add-exports=java.naming/com.sun.jndi.url.ldap=ALL-UNNAMED --add-exports=java.naming/com.sun.jndi.url.ldaps=ALL-UNNAMED --add-opens=java.base/java.lang=ALL-UNNAMED --add-opens=java.base/java.lang.invoke=ALL-UNNAMED --add-opens=java.base/java.lang.reflect=ALL-UNNAMED --add-opens=java.base/java.io=ALL-UNNAMED --add-opens=java.base/java.security=ALL-UNNAMED --add-opens=java.base/java.util=ALL-UNNAMED --add-opens=java.base/java.util.concurrent=ALL-UNNAMED --add-opens=java.management/javax.management=ALL-UNNAMED --add-opens=java.naming/javax.naming=ALL-UNNAMED -Djava.security.manager=allow -Dorg.jboss.boot.log.file=/home/takima/Workspace/HelloWorld/wildfly-26.1.3.Final/standalone/log/server.log -Dlogging.configuration=file:/home/takima/Workspace/HelloWorld/wildfly-26.1.3.Final/standalone/configuration/logging.properties 
2023-02-06 18:05:43,930 INFO  [org.wildfly.security] (ServerService Thread Pool -- 8) ELY00001: WildFly Elytron version 1.19.1.Final
2023-02-06 18:05:44,243 INFO  [org.jboss.as.repository] (ServerService Thread Pool -- 22) WFLYDR0001: Content added at location /home/takima/Workspace/HelloWorld/wildfly-26.1.3.Final/standalone/data/content/06/875791f5f891ed9f86b9fc04b81c094064bf5b/content
2023-02-06 18:05:44,280 INFO  [org.jboss.as.server] (Controller Boot Thread) WFLYSRV0039: Creating http management service using socket-binding (management-http)
2023-02-06 18:05:44,295 INFO  [org.xnio] (MSC service thread 1-3) XNIO version 3.8.7.Final
2023-02-06 18:05:44,301 INFO  [org.xnio.nio] (MSC service thread 1-3) XNIO NIO Implementation Version 3.8.7.Final
2023-02-06 18:05:44,321 INFO  [org.wildfly.extension.elytron.oidc._private] (ServerService Thread Pool -- 52) WFLYOIDC0001: Activating WildFly Elytron OIDC Subsystem
2023-02-06 18:05:44,322 INFO  [org.jboss.as.clustering.infinispan] (ServerService Thread Pool -- 54) WFLYCLINF0001: Activating Infinispan subsystem.
2023-02-06 18:05:44,327 INFO  [org.wildfly.extension.health] (ServerService Thread Pool -- 53) WFLYHEALTH0001: Activating Base Health Subsystem
2023-02-06 18:05:44,327 INFO  [org.jboss.as.jaxrs] (ServerService Thread Pool -- 56) WFLYRS0016: RESTEasy version 4.7.7.Final
2023-02-06 18:05:44,331 INFO  [org.wildfly.extension.io] (ServerService Thread Pool -- 55) WFLYIO001: Worker 'default' has auto-configured to 24 IO threads with 192 max task threads based on your 12 available processors
2023-02-06 18:05:44,336 INFO  [org.jboss.as.naming] (ServerService Thread Pool -- 67) WFLYNAM0001: Activating Naming Subsystem
2023-02-06 18:05:44,337 INFO  [org.wildfly.extension.microprofile.config.smallrye] (ServerService Thread Pool -- 64) WFLYCONF0001: Activating MicroProfile Config Subsystem
2023-02-06 18:05:44,343 WARN  [org.jboss.as.txn] (ServerService Thread Pool -- 74) WFLYTX0013: The node-identifier attribute on the /subsystem=transactions is set to the default value. This is a danger for environments running multiple servers. Please make sure the attribute value is unique.
2023-02-06 18:05:44,344 INFO  [org.wildfly.extension.microprofile.jwt.smallrye] (ServerService Thread Pool -- 65) WFLYJWT0001: Activating MicroProfile JWT Subsystem
2023-02-06 18:05:44,346 INFO  [org.jboss.as.webservices] (ServerService Thread Pool -- 76) WFLYWS0002: Activating WebServices Extension
2023-02-06 18:05:44,346 INFO  [org.wildfly.extension.metrics] (ServerService Thread Pool -- 63) WFLYMETRICS0001: Activating Base Metrics Subsystem
2023-02-06 18:05:44,351 INFO  [org.jboss.as.jsf] (ServerService Thread Pool -- 61) WFLYJSF0007: Activated the following Jakarta Server Faces Implementations: [main]
2023-02-06 18:05:44,353 INFO  [org.wildfly.extension.microprofile.opentracing] (ServerService Thread Pool -- 66) WFLYTRACEXT0001: Activating MicroProfile OpenTracing Subsystem
2023-02-06 18:05:44,365 INFO  [org.jboss.as.connector] (MSC service thread 1-7) WFLYJCA0009: Starting Jakarta Connectors Subsystem (WildFly/IronJacamar 1.5.3.Final)
2023-02-06 18:05:44,366 INFO  [org.jboss.remoting] (MSC service thread 1-8) JBoss Remoting version 5.0.25.Final
2023-02-06 18:05:44,398 INFO  [org.jboss.as.naming] (MSC service thread 1-5) WFLYNAM0003: Starting Naming Service
2023-02-06 18:05:44,402 INFO  [org.jboss.as.mail.extension] (MSC service thread 1-7) WFLYMAIL0001: Bound mail session [java:jboss/mail/Default]
2023-02-06 18:05:44,420 INFO  [org.jboss.as.connector.subsystems.datasources] (ServerService Thread Pool -- 44) WFLYJCA0004: Deploying JDBC-compliant driver class org.h2.Driver (version 1.4)
2023-02-06 18:05:44,423 INFO  [org.jboss.as.connector.deployers.jdbc] (MSC service thread 1-6) WFLYJCA0018: Started Driver service with driver-name = h2
2023-02-06 18:05:44,426 INFO  [org.wildfly.extension.undertow] (MSC service thread 1-5) WFLYUT0003: Undertow 2.2.19.Final starting
2023-02-06 18:05:44,509 WARN  [org.wildfly.extension.elytron] (MSC service thread 1-6) WFLYELY00023: KeyStore file '/home/takima/Workspace/HelloWorld/wildfly-26.1.3.Final/standalone/configuration/application.keystore' does not exist. Used blank.
2023-02-06 18:05:44,540 WARN  [org.wildfly.extension.elytron] (MSC service thread 1-1) WFLYELY01084: KeyStore /home/takima/Workspace/HelloWorld/wildfly-26.1.3.Final/standalone/configuration/application.keystore not found, it will be auto generated on first use with a self-signed certificate for host localhost
2023-02-06 18:05:44,573 INFO  [org.wildfly.extension.undertow] (ServerService Thread Pool -- 75) WFLYUT0014: Creating file handler for path '/home/takima/Workspace/HelloWorld/wildfly-26.1.3.Final/welcome-content' with options [directory-listing: 'false', follow-symlink: 'false', case-sensitive: 'true', safe-symlink-paths: '[]']
2023-02-06 18:05:44,584 INFO  [org.wildfly.extension.undertow] (MSC service thread 1-5) WFLYUT0012: Started server default-server.
2023-02-06 18:05:44,586 INFO  [org.wildfly.extension.undertow] (MSC service thread 1-3) Queuing requests.
2023-02-06 18:05:44,587 INFO  [org.wildfly.extension.undertow] (MSC service thread 1-3) WFLYUT0018: Host default-host starting
2023-02-06 18:05:44,604 INFO  [org.jboss.as.ejb3] (MSC service thread 1-1) WFLYEJB0481: Strict pool slsb-strict-max-pool is using a max instance size of 192 (per class), which is derived from thread worker pool sizing.
2023-02-06 18:05:44,606 INFO  [org.jboss.as.ejb3] (MSC service thread 1-6) WFLYEJB0482: Strict pool mdb-strict-max-pool is using a max instance size of 48 (per class), which is derived from the number of CPUs on this host.
2023-02-06 18:05:44,619 INFO  [org.wildfly.extension.undertow] (MSC service thread 1-5) WFLYUT0006: Undertow HTTP listener default listening on 127.0.0.1:8080
2023-02-06 18:05:44,687 INFO  [org.jboss.as.ejb3] (MSC service thread 1-3) WFLYEJB0493: Jakarta Enterprise Beans subsystem suspension complete
2023-02-06 18:05:44,696 INFO  [org.wildfly.extension.undertow] (MSC service thread 1-7) WFLYUT0006: Undertow HTTPS listener https listening on 127.0.0.1:8443
2023-02-06 18:05:44,738 INFO  [org.jboss.as.connector.subsystems.datasources] (MSC service thread 1-5) WFLYJCA0001: Bound data source [java:jboss/datasources/ExampleDS]
2023-02-06 18:05:44,781 INFO  [org.jboss.as.patching] (MSC service thread 1-8) WFLYPAT0050: WildFly Full cumulative patch ID is: base, one-off patches include: none
2023-02-06 18:05:44,786 INFO  [org.jboss.as.server.deployment.scanner] (MSC service thread 1-8) WFLYDS0013: Started FileSystemDeploymentService for directory /home/takima/Workspace/HelloWorld/wildfly-26.1.3.Final/standalone/deployments
2023-02-06 18:05:44,789 INFO  [org.jboss.as.server.deployment] (MSC service thread 1-6) WFLYSRV0027: Starting deployment of "helloworld.war" (runtime-name: "helloworld.war")
2023-02-06 18:05:44,834 INFO  [org.jboss.ws.common.management] (MSC service thread 1-5) JBWS022052: Starting JBossWS 5.5.0.Final (Apache CXF 3.4.10) 
2023-02-06 18:05:45,307 INFO  [org.infinispan.CONTAINER] (ServerService Thread Pool -- 78) ISPN000128: Infinispan version: Infinispan 'Triskaidekaphobia' 13.0.10.Final
2023-02-06 18:05:45,360 INFO  [org.infinispan.CONTAINER] (ServerService Thread Pool -- 78) ISPN000556: Starting user marshaller 'org.wildfly.clustering.infinispan.spi.marshalling.InfinispanProtoStreamMarshaller'
2023-02-06 18:05:45,561 INFO  [org.infinispan.CONFIG] (MSC service thread 1-2) ISPN000152: Passivation configured without an eviction policy being selected. Only manually evicted entities will be passivated.
2023-02-06 18:05:45,562 INFO  [org.infinispan.CONFIG] (MSC service thread 1-2) ISPN000152: Passivation configured without an eviction policy being selected. Only manually evicted entities will be passivated.
2023-02-06 18:05:45,568 INFO  [org.infinispan.CONTAINER] (ServerService Thread Pool -- 78) ISPN000025: wakeUpInterval is <= 0, not starting expired purge thread
2023-02-06 18:05:45,571 INFO  [org.jboss.as.clustering.infinispan] (ServerService Thread Pool -- 78) WFLYCLINF0002: Started http-remoting-connector cache from ejb container
2023-02-06 18:05:45,626 INFO  [org.wildfly.extension.undertow] (ServerService Thread Pool -- 79) WFLYUT0021: Registered web context: '/helloworld' for server 'default-server'
2023-02-06 18:05:45,666 INFO  [org.jboss.as.server] (ServerService Thread Pool -- 45) WFLYSRV0010: Deployed "helloworld.war" (runtime-name : "helloworld.war")
2023-02-06 18:05:45,693 INFO  [org.jboss.as.server] (Controller Boot Thread) WFLYSRV0212: Resuming server
2023-02-06 18:05:45,695 INFO  [org.jboss.as] (Controller Boot Thread) WFLYSRV0025: WildFly Full 26.1.3.Final (WildFly Core 18.1.2.Final) started in 2739ms - Started 399 of 601 services (341 services are lazy, passive or on-demand) - Server configuration file in use: standalone.xml
2023-02-06 18:05:45,696 INFO  [org.jboss.as] (Controller Boot Thread) WFLYSRV0060: Http management interface listening on http://127.0.0.1:9990/management
2023-02-06 18:05:45,697 INFO  [org.jboss.as] (Controller Boot Thread) WFLYSRV0051: Admin console listening on http://127.0.0.1:9990
2023-02-06 18:05:56,461 INFO  [org.jboss.as.server] (Thread-1) WFLYSRV0272: Suspending server
2023-02-06 18:05:56,465 INFO  [org.jboss.as.ejb3] (Thread-1) WFLYEJB0493: Jakarta Enterprise Beans subsystem suspension complete
2023-02-06 18:05:56,467 INFO  [org.jboss.as.server] (Thread-1) WFLYSRV0220: Server shutdown has been requested via an OS signal
2023-02-06 18:05:56,473 INFO  [org.jboss.as.mail.extension] (MSC service thread 1-2) WFLYMAIL0002: Unbound mail session [java:jboss/mail/Default]
2023-02-06 18:05:56,475 INFO  [org.wildfly.extension.undertow] (ServerService Thread Pool -- 22) WFLYUT0022: Unregistered web context: '/helloworld' from server 'default-server'
2023-02-06 18:05:56,476 INFO  [org.wildfly.extension.undertow] (MSC service thread 1-8) WFLYUT0019: Host default-host stopping
2023-02-06 18:05:56,477 INFO  [org.jboss.as.connector.subsystems.datasources] (MSC service thread 1-2) WFLYJCA0010: Unbound data source [java:jboss/datasources/ExampleDS]
2023-02-06 18:05:56,478 INFO  [org.jboss.as.connector.deployers.jdbc] (MSC service thread 1-1) WFLYJCA0019: Stopped Driver service with driver-name = h2
2023-02-06 18:05:56,483 INFO  [org.jboss.as.clustering.infinispan] (ServerService Thread Pool -- 79) WFLYCLINF0003: Stopped http-remoting-connector cache from ejb container
2023-02-06 18:05:56,491 INFO  [org.wildfly.extension.undertow] (MSC service thread 1-1) WFLYUT0008: Undertow HTTPS listener https suspending
2023-02-06 18:05:56,492 INFO  [org.wildfly.extension.undertow] (MSC service thread 1-5) WFLYUT0008: Undertow HTTP listener default suspending
2023-02-06 18:05:56,492 INFO  [org.jboss.as.server.deployment] (MSC service thread 1-8) WFLYSRV0028: Stopped deployment helloworld.war (runtime-name: helloworld.war) in 24ms
2023-02-06 18:05:56,492 INFO  [org.wildfly.extension.undertow] (MSC service thread 1-5) WFLYUT0007: Undertow HTTP listener default stopped, was bound to 127.0.0.1:8080
2023-02-06 18:05:56,492 INFO  [org.wildfly.extension.undertow] (MSC service thread 1-1) WFLYUT0007: Undertow HTTPS listener https stopped, was bound to 127.0.0.1:8443
2023-02-06 18:05:56,493 INFO  [org.wildfly.extension.undertow] (MSC service thread 1-3) WFLYUT0004: Undertow 2.2.19.Final stopping
2023-02-06 18:05:56,501 INFO  [org.jboss.as] (MSC service thread 1-4) WFLYSRV0050: WildFly Full 26.1.3.Final (WildFly Core 18.1.2.Final) stopped in 32ms
2023-02-06 18:06:13,926 INFO  [org.jboss.modules] (main) JBoss Modules version 2.0.2.Final
2023-02-06 18:06:14,364 INFO  [org.jboss.msc] (main) JBoss MSC version 1.4.13.Final
2023-02-06 18:06:14,368 INFO  [org.jboss.threads] (main) JBoss Threads version 2.4.0.Final
2023-02-06 18:06:14,450 INFO  [org.jboss.as] (MSC service thread 1-2) WFLYSRV0049: WildFly Full 26.1.3.Final (WildFly Core 18.1.2.Final) starting
2023-02-06 18:06:14,451 DEBUG [org.jboss.as.config] (MSC service thread 1-2) Configured system properties:
	[Standalone] = 
	file.encoding = UTF-8
	file.separator = /
	java.awt.headless = true
	java.class.path = /home/takima/Workspace/HelloWorld/wildfly-26.1.3.Final/jboss-modules.jar
	java.class.version = 63.0
	java.home = /usr/lib/jvm/java-19-openjdk-amd64
	java.io.tmpdir = /tmp
	java.library.path = /usr/java/packages/lib:/usr/lib/x86_64-linux-gnu/jni:/lib/x86_64-linux-gnu:/usr/lib/x86_64-linux-gnu:/usr/lib/jni:/lib:/usr/lib
	java.net.preferIPv4Stack = true
	java.runtime.name = OpenJDK Runtime Environment
	java.runtime.version = 19.0.1+10-Ubuntu-1ubuntu122.04
	java.security.manager = allow
	java.specification.name = Java Platform API Specification
	java.specification.vendor = Oracle Corporation
	java.specification.version = 19
	java.util.logging.manager = org.jboss.logmanager.LogManager
	java.vendor = Private Build
	java.vendor.url = Unknown
	java.vendor.url.bug = Unknown
	java.version = 19.0.1
	java.version.date = 2022-10-18
	java.vm.compressedOopsMode = 32-bit
	java.vm.info = mixed mode, sharing
	java.vm.name = OpenJDK 64-Bit Server VM
	java.vm.specification.name = Java Virtual Machine Specification
	java.vm.specification.vendor = Oracle Corporation
	java.vm.specification.version = 19
	java.vm.vendor = Private Build
	java.vm.version = 19.0.1+10-Ubuntu-1ubuntu122.04
	javax.management.builder.initial = org.jboss.as.jmx.PluggableMBeanServerBuilder
	jboss.home.dir = /home/takima/Workspace/HelloWorld/wildfly-26.1.3.Final
	jboss.host.name = laptop-1081
	jboss.modules.dir = /home/takima/Workspace/HelloWorld/wildfly-26.1.3.Final/modules
	jboss.modules.system.pkgs = org.jboss.byteman
	jboss.node.name = laptop-1081
	jboss.qualified.host.name = laptop-1081
	jboss.server.base.dir = /home/takima/Workspace/HelloWorld/wildfly-26.1.3.Final/standalone
	jboss.server.config.dir = /home/takima/Workspace/HelloWorld/wildfly-26.1.3.Final/standalone/configuration
	jboss.server.data.dir = /home/takima/Workspace/HelloWorld/wildfly-26.1.3.Final/standalone/data
	jboss.server.deploy.dir = /home/takima/Workspace/HelloWorld/wildfly-26.1.3.Final/standalone/data/content
	jboss.server.log.dir = /home/takima/Workspace/HelloWorld/wildfly-26.1.3.Final/standalone/log
	jboss.server.name = laptop-1081
	jboss.server.persist.config = true
	jboss.server.temp.dir = /home/takima/Workspace/HelloWorld/wildfly-26.1.3.Final/standalone/tmp
	jdk.debug = release
	line.separator = 

	logging.configuration = file:/home/takima/Workspace/HelloWorld/wildfly-26.1.3.Final/standalone/configuration/logging.properties
	module.path = /home/takima/Workspace/HelloWorld/wildfly-26.1.3.Final/modules
	native.encoding = UTF-8
	org.jboss.boot.log.file = /home/takima/Workspace/HelloWorld/wildfly-26.1.3.Final/standalone/log/server.log
	org.jboss.resolver.warning = true
	os.arch = amd64
	os.name = Linux
	os.version = 5.15.0-58-generic
	path.separator = :
	stderr.encoding = UTF-8
	stdout.encoding = UTF-8
	sun.arch.data.model = 64
	sun.boot.library.path = /usr/lib/jvm/java-19-openjdk-amd64/lib
	sun.cpu.endian = little
	sun.io.unicode.encoding = UnicodeLittle
	sun.java.command = /home/takima/Workspace/HelloWorld/wildfly-26.1.3.Final/jboss-modules.jar -mp /home/takima/Workspace/HelloWorld/wildfly-26.1.3.Final/modules org.jboss.as.standalone -Djboss.home.dir=/home/takima/Workspace/HelloWorld/wildfly-26.1.3.Final -Djboss.server.base.dir=/home/takima/Workspace/HelloWorld/wildfly-26.1.3.Final/standalone
	sun.java.launcher = SUN_STANDARD
	sun.jnu.encoding = UTF-8
	sun.management.compiler = HotSpot 64-Bit Tiered Compilers
	user.country = FR
	user.dir = /home/takima/Workspace/HelloWorld
	user.home = /home/takima
	user.language = fr
	user.name = takima
	user.timezone = Europe/Paris
2023-02-06 18:06:14,453 DEBUG [org.jboss.as.config] (MSC service thread 1-2) VM Arguments: -D[Standalone] -Xms64m -Xmx512m -XX:MetaspaceSize=96M -XX:MaxMetaspaceSize=256m -Djava.net.preferIPv4Stack=true -Djboss.modules.system.pkgs=org.jboss.byteman -Djava.awt.headless=true --add-exports=java.desktop/sun.awt=ALL-UNNAMED --add-exports=java.naming/com.sun.jndi.ldap=ALL-UNNAMED --add-exports=java.naming/com.sun.jndi.url.ldap=ALL-UNNAMED --add-exports=java.naming/com.sun.jndi.url.ldaps=ALL-UNNAMED --add-opens=java.base/java.lang=ALL-UNNAMED --add-opens=java.base/java.lang.invoke=ALL-UNNAMED --add-opens=java.base/java.lang.reflect=ALL-UNNAMED --add-opens=java.base/java.io=ALL-UNNAMED --add-opens=java.base/java.security=ALL-UNNAMED --add-opens=java.base/java.util=ALL-UNNAMED --add-opens=java.base/java.util.concurrent=ALL-UNNAMED --add-opens=java.management/javax.management=ALL-UNNAMED --add-opens=java.naming/javax.naming=ALL-UNNAMED -Djava.security.manager=allow -Dorg.jboss.boot.log.file=/home/takima/Workspace/HelloWorld/wildfly-26.1.3.Final/standalone/log/server.log -Dlogging.configuration=file:/home/takima/Workspace/HelloWorld/wildfly-26.1.3.Final/standalone/configuration/logging.properties 
2023-02-06 18:06:14,794 INFO  [org.wildfly.security] (ServerService Thread Pool -- 24) ELY00001: WildFly Elytron version 1.19.1.Final
2023-02-06 18:06:15,280 INFO  [org.jboss.as.repository] (ServerService Thread Pool -- 15) WFLYDR0001: Content added at location /home/takima/Workspace/HelloWorld/wildfly-26.1.3.Final/standalone/data/content/f6/a1ae79b3321a9cd1d82bdfcd86e3d771490409/content
2023-02-06 18:06:15,343 INFO  [org.jboss.as.server] (Controller Boot Thread) WFLYSRV0039: Creating http management service using socket-binding (management-http)
2023-02-06 18:06:15,360 INFO  [org.xnio] (MSC service thread 1-7) XNIO version 3.8.7.Final
2023-02-06 18:06:15,365 INFO  [org.xnio.nio] (MSC service thread 1-7) XNIO NIO Implementation Version 3.8.7.Final
2023-02-06 18:06:15,401 INFO  [org.wildfly.extension.elytron.oidc._private] (ServerService Thread Pool -- 52) WFLYOIDC0001: Activating WildFly Elytron OIDC Subsystem
2023-02-06 18:06:15,405 INFO  [org.jboss.remoting] (MSC service thread 1-1) JBoss Remoting version 5.0.25.Final
2023-02-06 18:06:15,406 INFO  [org.jboss.as.clustering.infinispan] (ServerService Thread Pool -- 54) WFLYCLINF0001: Activating Infinispan subsystem.
2023-02-06 18:06:15,408 INFO  [org.jboss.as.jaxrs] (ServerService Thread Pool -- 56) WFLYRS0016: RESTEasy version 4.7.7.Final
2023-02-06 18:06:15,414 INFO  [org.wildfly.extension.health] (ServerService Thread Pool -- 53) WFLYHEALTH0001: Activating Base Health Subsystem
2023-02-06 18:06:15,416 INFO  [org.wildfly.extension.io] (ServerService Thread Pool -- 55) WFLYIO001: Worker 'default' has auto-configured to 24 IO threads with 192 max task threads based on your 12 available processors
2023-02-06 18:06:15,419 INFO  [org.wildfly.extension.microprofile.config.smallrye] (ServerService Thread Pool -- 64) WFLYCONF0001: Activating MicroProfile Config Subsystem
2023-02-06 18:06:15,429 INFO  [org.jboss.as.naming] (ServerService Thread Pool -- 67) WFLYNAM0001: Activating Naming Subsystem
2023-02-06 18:06:15,433 INFO  [org.jboss.as.jsf] (ServerService Thread Pool -- 61) WFLYJSF0007: Activated the following Jakarta Server Faces Implementations: [main]
2023-02-06 18:06:15,436 INFO  [org.wildfly.extension.microprofile.jwt.smallrye] (ServerService Thread Pool -- 65) WFLYJWT0001: Activating MicroProfile JWT Subsystem
2023-02-06 18:06:15,436 INFO  [org.wildfly.extension.microprofile.opentracing] (ServerService Thread Pool -- 66) WFLYTRACEXT0001: Activating MicroProfile OpenTracing Subsystem
2023-02-06 18:06:15,441 WARN  [org.jboss.as.txn] (ServerService Thread Pool -- 74) WFLYTX0013: The node-identifier attribute on the /subsystem=transactions is set to the default value. This is a danger for environments running multiple servers. Please make sure the attribute value is unique.
2023-02-06 18:06:15,446 INFO  [org.jboss.as.webservices] (ServerService Thread Pool -- 76) WFLYWS0002: Activating WebServices Extension
2023-02-06 18:06:15,451 INFO  [org.wildfly.extension.metrics] (ServerService Thread Pool -- 63) WFLYMETRICS0001: Activating Base Metrics Subsystem
2023-02-06 18:06:15,457 INFO  [org.jboss.as.connector.subsystems.datasources] (ServerService Thread Pool -- 44) WFLYJCA0004: Deploying JDBC-compliant driver class org.h2.Driver (version 1.4)
2023-02-06 18:06:15,469 INFO  [org.jboss.as.connector] (MSC service thread 1-4) WFLYJCA0009: Starting Jakarta Connectors Subsystem (WildFly/IronJacamar 1.5.3.Final)
2023-02-06 18:06:15,475 INFO  [org.jboss.as.connector.deployers.jdbc] (MSC service thread 1-3) WFLYJCA0018: Started Driver service with driver-name = h2
2023-02-06 18:06:15,494 INFO  [org.wildfly.extension.undertow] (MSC service thread 1-3) WFLYUT0003: Undertow 2.2.19.Final starting
2023-02-06 18:06:15,506 INFO  [org.jboss.as.naming] (MSC service thread 1-1) WFLYNAM0003: Starting Naming Service
2023-02-06 18:06:15,510 INFO  [org.jboss.as.mail.extension] (MSC service thread 1-1) WFLYMAIL0001: Bound mail session [java:jboss/mail/Default]
2023-02-06 18:06:15,512 WARN  [org.wildfly.extension.elytron] (MSC service thread 1-5) WFLYELY00023: KeyStore file '/home/takima/Workspace/HelloWorld/wildfly-26.1.3.Final/standalone/configuration/application.keystore' does not exist. Used blank.
2023-02-06 18:06:15,537 WARN  [org.wildfly.extension.elytron] (MSC service thread 1-1) WFLYELY01084: KeyStore /home/takima/Workspace/HelloWorld/wildfly-26.1.3.Final/standalone/configuration/application.keystore not found, it will be auto generated on first use with a self-signed certificate for host localhost
2023-02-06 18:06:15,553 INFO  [org.wildfly.extension.undertow] (ServerService Thread Pool -- 75) WFLYUT0014: Creating file handler for path '/home/takima/Workspace/HelloWorld/wildfly-26.1.3.Final/welcome-content' with options [directory-listing: 'false', follow-symlink: 'false', case-sensitive: 'true', safe-symlink-paths: '[]']
2023-02-06 18:06:15,559 INFO  [org.wildfly.extension.undertow] (MSC service thread 1-2) WFLYUT0012: Started server default-server.
2023-02-06 18:06:15,560 INFO  [org.wildfly.extension.undertow] (MSC service thread 1-2) Queuing requests.
2023-02-06 18:06:15,562 INFO  [org.jboss.as.ejb3] (MSC service thread 1-8) WFLYEJB0481: Strict pool slsb-strict-max-pool is using a max instance size of 192 (per class), which is derived from thread worker pool sizing.
2023-02-06 18:06:15,563 INFO  [org.wildfly.extension.undertow] (MSC service thread 1-2) WFLYUT0018: Host default-host starting
2023-02-06 18:06:15,588 INFO  [org.jboss.as.ejb3] (MSC service thread 1-1) WFLYEJB0482: Strict pool mdb-strict-max-pool is using a max instance size of 48 (per class), which is derived from the number of CPUs on this host.
2023-02-06 18:06:15,617 INFO  [org.wildfly.extension.undertow] (MSC service thread 1-6) WFLYUT0006: Undertow HTTP listener default listening on 127.0.0.1:8080
2023-02-06 18:06:15,628 INFO  [org.jboss.as.ejb3] (MSC service thread 1-8) WFLYEJB0493: Jakarta Enterprise Beans subsystem suspension complete
2023-02-06 18:06:15,671 INFO  [org.jboss.as.connector.subsystems.datasources] (MSC service thread 1-4) WFLYJCA0001: Bound data source [java:jboss/datasources/ExampleDS]
2023-02-06 18:06:15,676 INFO  [org.wildfly.extension.undertow] (MSC service thread 1-5) WFLYUT0006: Undertow HTTPS listener https listening on 127.0.0.1:8443
2023-02-06 18:06:15,785 INFO  [org.jboss.as.patching] (MSC service thread 1-5) WFLYPAT0050: WildFly Full cumulative patch ID is: base, one-off patches include: none
2023-02-06 18:06:15,792 INFO  [org.jboss.as.server.deployment.scanner] (MSC service thread 1-7) WFLYDS0013: Started FileSystemDeploymentService for directory /home/takima/Workspace/HelloWorld/wildfly-26.1.3.Final/standalone/deployments
2023-02-06 18:06:15,796 INFO  [org.jboss.as.server.deployment] (MSC service thread 1-4) WFLYSRV0027: Starting deployment of "helloworld.war" (runtime-name: "helloworld.war")
2023-02-06 18:06:15,826 INFO  [org.jboss.ws.common.management] (MSC service thread 1-2) JBWS022052: Starting JBossWS 5.5.0.Final (Apache CXF 3.4.10) 
2023-02-06 18:06:16,344 INFO  [org.infinispan.CONTAINER] (ServerService Thread Pool -- 78) ISPN000128: Infinispan version: Infinispan 'Triskaidekaphobia' 13.0.10.Final
2023-02-06 18:06:16,403 INFO  [org.infinispan.CONTAINER] (ServerService Thread Pool -- 78) ISPN000556: Starting user marshaller 'org.wildfly.clustering.infinispan.spi.marshalling.InfinispanProtoStreamMarshaller'
2023-02-06 18:06:16,646 INFO  [org.infinispan.CONFIG] (MSC service thread 1-1) ISPN000152: Passivation configured without an eviction policy being selected. Only manually evicted entities will be passivated.
2023-02-06 18:06:16,647 INFO  [org.infinispan.CONFIG] (MSC service thread 1-1) ISPN000152: Passivation configured without an eviction policy being selected. Only manually evicted entities will be passivated.
2023-02-06 18:06:16,655 INFO  [org.infinispan.CONTAINER] (ServerService Thread Pool -- 78) ISPN000025: wakeUpInterval is <= 0, not starting expired purge thread
2023-02-06 18:06:16,658 INFO  [org.jboss.as.clustering.infinispan] (ServerService Thread Pool -- 78) WFLYCLINF0002: Started http-remoting-connector cache from ejb container
2023-02-06 18:06:16,727 INFO  [org.wildfly.extension.undertow] (ServerService Thread Pool -- 79) WFLYUT0021: Registered web context: '/helloworld' for server 'default-server'
2023-02-06 18:06:16,788 INFO  [org.jboss.as.server] (ServerService Thread Pool -- 45) WFLYSRV0010: Deployed "helloworld.war" (runtime-name : "helloworld.war")
2023-02-06 18:06:16,814 INFO  [org.jboss.as.server] (Controller Boot Thread) WFLYSRV0212: Resuming server
2023-02-06 18:06:16,817 INFO  [org.jboss.as] (Controller Boot Thread) WFLYSRV0025: WildFly Full 26.1.3.Final (WildFly Core 18.1.2.Final) started in 3121ms - Started 399 of 601 services (341 services are lazy, passive or on-demand) - Server configuration file in use: standalone.xml
2023-02-06 18:06:16,818 INFO  [org.jboss.as] (Controller Boot Thread) WFLYSRV0060: Http management interface listening on http://127.0.0.1:9990/management
2023-02-06 18:06:16,819 INFO  [org.jboss.as] (Controller Boot Thread) WFLYSRV0051: Admin console listening on http://127.0.0.1:9990
2023-02-06 18:06:46,098 INFO  [org.jboss.as.server] (Thread-1) WFLYSRV0272: Suspending server
2023-02-06 18:06:46,101 INFO  [org.jboss.as.ejb3] (Thread-1) WFLYEJB0493: Jakarta Enterprise Beans subsystem suspension complete
2023-02-06 18:06:46,103 INFO  [org.jboss.as.server] (Thread-1) WFLYSRV0220: Server shutdown has been requested via an OS signal
2023-02-06 18:06:46,109 INFO  [org.jboss.as.mail.extension] (MSC service thread 1-3) WFLYMAIL0002: Unbound mail session [java:jboss/mail/Default]
2023-02-06 18:06:46,111 INFO  [org.wildfly.extension.undertow] (ServerService Thread Pool -- 79) WFLYUT0022: Unregistered web context: '/helloworld' from server 'default-server'
2023-02-06 18:06:46,112 INFO  [org.wildfly.extension.undertow] (MSC service thread 1-5) WFLYUT0019: Host default-host stopping
2023-02-06 18:06:46,115 INFO  [org.jboss.as.connector.subsystems.datasources] (MSC service thread 1-6) WFLYJCA0010: Unbound data source [java:jboss/datasources/ExampleDS]
2023-02-06 18:06:46,116 INFO  [org.jboss.as.connector.deployers.jdbc] (MSC service thread 1-6) WFLYJCA0019: Stopped Driver service with driver-name = h2
2023-02-06 18:06:46,121 INFO  [org.jboss.as.clustering.infinispan] (ServerService Thread Pool -- 82) WFLYCLINF0003: Stopped http-remoting-connector cache from ejb container
2023-02-06 18:06:46,130 INFO  [org.wildfly.extension.undertow] (MSC service thread 1-7) WFLYUT0008: Undertow HTTP listener default suspending
2023-02-06 18:06:46,130 INFO  [org.wildfly.extension.undertow] (MSC service thread 1-2) WFLYUT0008: Undertow HTTPS listener https suspending
2023-02-06 18:06:46,130 INFO  [org.jboss.as.server.deployment] (MSC service thread 1-6) WFLYSRV0028: Stopped deployment helloworld.war (runtime-name: helloworld.war) in 26ms
2023-02-06 18:06:46,131 INFO  [org.wildfly.extension.undertow] (MSC service thread 1-7) WFLYUT0007: Undertow HTTP listener default stopped, was bound to 127.0.0.1:8080
2023-02-06 18:06:46,131 INFO  [org.wildfly.extension.undertow] (MSC service thread 1-2) WFLYUT0007: Undertow HTTPS listener https stopped, was bound to 127.0.0.1:8443
2023-02-06 18:06:46,131 INFO  [org.wildfly.extension.undertow] (MSC service thread 1-4) WFLYUT0004: Undertow 2.2.19.Final stopping
2023-02-06 18:06:46,137 INFO  [org.jboss.as] (MSC service thread 1-8) WFLYSRV0050: WildFly Full 26.1.3.Final (WildFly Core 18.1.2.Final) stopped in 31ms
2023-02-06 18:08:06,534 INFO  [org.jboss.modules] (main) JBoss Modules version 2.0.2.Final
2023-02-06 18:08:06,886 INFO  [org.jboss.msc] (main) JBoss MSC version 1.4.13.Final
2023-02-06 18:08:06,891 INFO  [org.jboss.threads] (main) JBoss Threads version 2.4.0.Final
2023-02-06 18:08:06,956 INFO  [org.jboss.as] (MSC service thread 1-1) WFLYSRV0049: WildFly Full 26.1.3.Final (WildFly Core 18.1.2.Final) starting
2023-02-06 18:08:06,957 DEBUG [org.jboss.as.config] (MSC service thread 1-1) Configured system properties:
	[Standalone] = 
	file.encoding = UTF-8
	file.separator = /
	java.awt.headless = true
	java.class.path = /home/takima/Workspace/HelloWorld/wildfly-26.1.3.Final/jboss-modules.jar
	java.class.version = 63.0
	java.home = /usr/lib/jvm/java-19-openjdk-amd64
	java.io.tmpdir = /tmp
	java.library.path = /usr/java/packages/lib:/usr/lib/x86_64-linux-gnu/jni:/lib/x86_64-linux-gnu:/usr/lib/x86_64-linux-gnu:/usr/lib/jni:/lib:/usr/lib
	java.net.preferIPv4Stack = true
	java.runtime.name = OpenJDK Runtime Environment
	java.runtime.version = 19.0.1+10-Ubuntu-1ubuntu122.04
	java.security.manager = allow
	java.specification.name = Java Platform API Specification
	java.specification.vendor = Oracle Corporation
	java.specification.version = 19
	java.util.logging.manager = org.jboss.logmanager.LogManager
	java.vendor = Private Build
	java.vendor.url = Unknown
	java.vendor.url.bug = Unknown
	java.version = 19.0.1
	java.version.date = 2022-10-18
	java.vm.compressedOopsMode = 32-bit
	java.vm.info = mixed mode, sharing
	java.vm.name = OpenJDK 64-Bit Server VM
	java.vm.specification.name = Java Virtual Machine Specification
	java.vm.specification.vendor = Oracle Corporation
	java.vm.specification.version = 19
	java.vm.vendor = Private Build
	java.vm.version = 19.0.1+10-Ubuntu-1ubuntu122.04
	javax.management.builder.initial = org.jboss.as.jmx.PluggableMBeanServerBuilder
	jboss.home.dir = /home/takima/Workspace/HelloWorld/wildfly-26.1.3.Final
	jboss.host.name = laptop-1081
	jboss.modules.dir = /home/takima/Workspace/HelloWorld/wildfly-26.1.3.Final/modules
	jboss.modules.system.pkgs = org.jboss.byteman
	jboss.node.name = laptop-1081
	jboss.qualified.host.name = laptop-1081
	jboss.server.base.dir = /home/takima/Workspace/HelloWorld/wildfly-26.1.3.Final/standalone
	jboss.server.config.dir = /home/takima/Workspace/HelloWorld/wildfly-26.1.3.Final/standalone/configuration
	jboss.server.data.dir = /home/takima/Workspace/HelloWorld/wildfly-26.1.3.Final/standalone/data
	jboss.server.deploy.dir = /home/takima/Workspace/HelloWorld/wildfly-26.1.3.Final/standalone/data/content
	jboss.server.log.dir = /home/takima/Workspace/HelloWorld/wildfly-26.1.3.Final/standalone/log
	jboss.server.name = laptop-1081
	jboss.server.persist.config = true
	jboss.server.temp.dir = /home/takima/Workspace/HelloWorld/wildfly-26.1.3.Final/standalone/tmp
	jdk.debug = release
	line.separator = 

	logging.configuration = file:/home/takima/Workspace/HelloWorld/wildfly-26.1.3.Final/standalone/configuration/logging.properties
	module.path = /home/takima/Workspace/HelloWorld/wildfly-26.1.3.Final/modules
	native.encoding = UTF-8
	org.jboss.boot.log.file = /home/takima/Workspace/HelloWorld/wildfly-26.1.3.Final/standalone/log/server.log
	org.jboss.resolver.warning = true
	os.arch = amd64
	os.name = Linux
	os.version = 5.15.0-58-generic
	path.separator = :
	stderr.encoding = UTF-8
	stdout.encoding = UTF-8
	sun.arch.data.model = 64
	sun.boot.library.path = /usr/lib/jvm/java-19-openjdk-amd64/lib
	sun.cpu.endian = little
	sun.io.unicode.encoding = UnicodeLittle
	sun.java.command = /home/takima/Workspace/HelloWorld/wildfly-26.1.3.Final/jboss-modules.jar -mp /home/takima/Workspace/HelloWorld/wildfly-26.1.3.Final/modules org.jboss.as.standalone -Djboss.home.dir=/home/takima/Workspace/HelloWorld/wildfly-26.1.3.Final -Djboss.server.base.dir=/home/takima/Workspace/HelloWorld/wildfly-26.1.3.Final/standalone
	sun.java.launcher = SUN_STANDARD
	sun.jnu.encoding = UTF-8
	sun.management.compiler = HotSpot 64-Bit Tiered Compilers
	user.country = FR
	user.dir = /home/takima/Workspace/HelloWorld
	user.home = /home/takima
	user.language = fr
	user.name = takima
	user.timezone = Europe/Paris
2023-02-06 18:08:06,960 DEBUG [org.jboss.as.config] (MSC service thread 1-1) VM Arguments: -D[Standalone] -Xms64m -Xmx512m -XX:MetaspaceSize=96M -XX:MaxMetaspaceSize=256m -Djava.net.preferIPv4Stack=true -Djboss.modules.system.pkgs=org.jboss.byteman -Djava.awt.headless=true --add-exports=java.desktop/sun.awt=ALL-UNNAMED --add-exports=java.naming/com.sun.jndi.ldap=ALL-UNNAMED --add-exports=java.naming/com.sun.jndi.url.ldap=ALL-UNNAMED --add-exports=java.naming/com.sun.jndi.url.ldaps=ALL-UNNAMED --add-opens=java.base/java.lang=ALL-UNNAMED --add-opens=java.base/java.lang.invoke=ALL-UNNAMED --add-opens=java.base/java.lang.reflect=ALL-UNNAMED --add-opens=java.base/java.io=ALL-UNNAMED --add-opens=java.base/java.security=ALL-UNNAMED --add-opens=java.base/java.util=ALL-UNNAMED --add-opens=java.base/java.util.concurrent=ALL-UNNAMED --add-opens=java.management/javax.management=ALL-UNNAMED --add-opens=java.naming/javax.naming=ALL-UNNAMED -Djava.security.manager=allow -Dorg.jboss.boot.log.file=/home/takima/Workspace/HelloWorld/wildfly-26.1.3.Final/standalone/log/server.log -Dlogging.configuration=file:/home/takima/Workspace/HelloWorld/wildfly-26.1.3.Final/standalone/configuration/logging.properties 
2023-02-06 18:08:07,350 INFO  [org.wildfly.security] (ServerService Thread Pool -- 22) ELY00001: WildFly Elytron version 1.19.1.Final
2023-02-06 18:08:07,662 INFO  [org.jboss.as.repository] (ServerService Thread Pool -- 37) WFLYDR0001: Content added at location /home/takima/Workspace/HelloWorld/wildfly-26.1.3.Final/standalone/data/content/d2/67a86d05dfc2310e2813e52058cb60adf716d2/content
2023-02-06 18:08:07,700 INFO  [org.jboss.as.server] (Controller Boot Thread) WFLYSRV0039: Creating http management service using socket-binding (management-http)
2023-02-06 18:08:07,709 INFO  [org.xnio] (MSC service thread 1-8) XNIO version 3.8.7.Final
2023-02-06 18:08:07,714 INFO  [org.xnio.nio] (MSC service thread 1-8) XNIO NIO Implementation Version 3.8.7.Final
2023-02-06 18:08:07,742 INFO  [org.jboss.as.jaxrs] (ServerService Thread Pool -- 56) WFLYRS0016: RESTEasy version 4.7.7.Final
2023-02-06 18:08:07,742 INFO  [org.wildfly.extension.health] (ServerService Thread Pool -- 53) WFLYHEALTH0001: Activating Base Health Subsystem
2023-02-06 18:08:07,748 INFO  [org.wildfly.extension.elytron.oidc._private] (ServerService Thread Pool -- 52) WFLYOIDC0001: Activating WildFly Elytron OIDC Subsystem
2023-02-06 18:08:07,748 INFO  [org.jboss.as.connector] (MSC service thread 1-7) WFLYJCA0009: Starting Jakarta Connectors Subsystem (WildFly/IronJacamar 1.5.3.Final)
2023-02-06 18:08:07,749 INFO  [org.jboss.as.clustering.infinispan] (ServerService Thread Pool -- 54) WFLYCLINF0001: Activating Infinispan subsystem.
2023-02-06 18:08:07,748 INFO  [org.wildfly.extension.io] (ServerService Thread Pool -- 55) WFLYIO001: Worker 'default' has auto-configured to 24 IO threads with 192 max task threads based on your 12 available processors
2023-02-06 18:08:07,759 INFO  [org.wildfly.extension.microprofile.config.smallrye] (ServerService Thread Pool -- 64) WFLYCONF0001: Activating MicroProfile Config Subsystem
2023-02-06 18:08:07,769 INFO  [org.jboss.as.jsf] (ServerService Thread Pool -- 61) WFLYJSF0007: Activated the following Jakarta Server Faces Implementations: [main]
2023-02-06 18:08:07,769 WARN  [org.jboss.as.txn] (ServerService Thread Pool -- 74) WFLYTX0013: The node-identifier attribute on the /subsystem=transactions is set to the default value. This is a danger for environments running multiple servers. Please make sure the attribute value is unique.
2023-02-06 18:08:07,772 INFO  [org.wildfly.extension.microprofile.jwt.smallrye] (ServerService Thread Pool -- 65) WFLYJWT0001: Activating MicroProfile JWT Subsystem
2023-02-06 18:08:07,776 INFO  [org.jboss.as.naming] (ServerService Thread Pool -- 67) WFLYNAM0001: Activating Naming Subsystem
2023-02-06 18:08:07,787 INFO  [org.wildfly.extension.metrics] (ServerService Thread Pool -- 63) WFLYMETRICS0001: Activating Base Metrics Subsystem
2023-02-06 18:08:07,788 INFO  [org.wildfly.extension.microprofile.opentracing] (ServerService Thread Pool -- 66) WFLYTRACEXT0001: Activating MicroProfile OpenTracing Subsystem
2023-02-06 18:08:07,793 INFO  [org.jboss.remoting] (MSC service thread 1-5) JBoss Remoting version 5.0.25.Final
2023-02-06 18:08:07,800 INFO  [org.jboss.as.webservices] (ServerService Thread Pool -- 76) WFLYWS0002: Activating WebServices Extension
2023-02-06 18:08:07,817 INFO  [org.jboss.as.connector.subsystems.datasources] (ServerService Thread Pool -- 44) WFLYJCA0004: Deploying JDBC-compliant driver class org.h2.Driver (version 1.4)
2023-02-06 18:08:07,821 INFO  [org.jboss.as.connector.deployers.jdbc] (MSC service thread 1-1) WFLYJCA0018: Started Driver service with driver-name = h2
2023-02-06 18:08:07,834 INFO  [org.jboss.as.mail.extension] (MSC service thread 1-4) WFLYMAIL0001: Bound mail session [java:jboss/mail/Default]
2023-02-06 18:08:07,837 INFO  [org.jboss.as.naming] (MSC service thread 1-5) WFLYNAM0003: Starting Naming Service
2023-02-06 18:08:07,846 INFO  [org.wildfly.extension.undertow] (MSC service thread 1-1) WFLYUT0003: Undertow 2.2.19.Final starting
2023-02-06 18:08:07,860 WARN  [org.wildfly.extension.elytron] (MSC service thread 1-6) WFLYELY00023: KeyStore file '/home/takima/Workspace/HelloWorld/wildfly-26.1.3.Final/standalone/configuration/application.keystore' does not exist. Used blank.
2023-02-06 18:08:07,875 WARN  [org.wildfly.extension.elytron] (MSC service thread 1-8) WFLYELY01084: KeyStore /home/takima/Workspace/HelloWorld/wildfly-26.1.3.Final/standalone/configuration/application.keystore not found, it will be auto generated on first use with a self-signed certificate for host localhost
2023-02-06 18:08:07,973 INFO  [org.jboss.as.ejb3] (MSC service thread 1-1) WFLYEJB0481: Strict pool slsb-strict-max-pool is using a max instance size of 192 (per class), which is derived from thread worker pool sizing.
2023-02-06 18:08:07,973 INFO  [org.jboss.as.ejb3] (MSC service thread 1-8) WFLYEJB0482: Strict pool mdb-strict-max-pool is using a max instance size of 48 (per class), which is derived from the number of CPUs on this host.
2023-02-06 18:08:07,977 INFO  [org.wildfly.extension.undertow] (ServerService Thread Pool -- 75) WFLYUT0014: Creating file handler for path '/home/takima/Workspace/HelloWorld/wildfly-26.1.3.Final/welcome-content' with options [directory-listing: 'false', follow-symlink: 'false', case-sensitive: 'true', safe-symlink-paths: '[]']
2023-02-06 18:08:07,978 INFO  [org.wildfly.extension.undertow] (MSC service thread 1-3) WFLYUT0012: Started server default-server.
2023-02-06 18:08:07,979 INFO  [org.wildfly.extension.undertow] (MSC service thread 1-8) Queuing requests.
2023-02-06 18:08:07,980 INFO  [org.wildfly.extension.undertow] (MSC service thread 1-8) WFLYUT0018: Host default-host starting
2023-02-06 18:08:08,019 INFO  [org.wildfly.extension.undertow] (MSC service thread 1-5) WFLYUT0006: Undertow HTTP listener default listening on 127.0.0.1:8080
2023-02-06 18:08:08,049 INFO  [org.jboss.as.ejb3] (MSC service thread 1-8) WFLYEJB0493: Jakarta Enterprise Beans subsystem suspension complete
2023-02-06 18:08:08,061 INFO  [org.wildfly.extension.undertow] (MSC service thread 1-3) WFLYUT0006: Undertow HTTPS listener https listening on 127.0.0.1:8443
2023-02-06 18:08:08,093 INFO  [org.jboss.as.connector.subsystems.datasources] (MSC service thread 1-2) WFLYJCA0001: Bound data source [java:jboss/datasources/ExampleDS]
2023-02-06 18:08:08,156 INFO  [org.jboss.as.patching] (MSC service thread 1-2) WFLYPAT0050: WildFly Full cumulative patch ID is: base, one-off patches include: none
2023-02-06 18:08:08,161 INFO  [org.jboss.as.server.deployment.scanner] (MSC service thread 1-2) WFLYDS0013: Started FileSystemDeploymentService for directory /home/takima/Workspace/HelloWorld/wildfly-26.1.3.Final/standalone/deployments
2023-02-06 18:08:08,165 INFO  [org.jboss.as.server.deployment] (MSC service thread 1-6) WFLYSRV0027: Starting deployment of "helloworld.war" (runtime-name: "helloworld.war")
2023-02-06 18:08:08,195 INFO  [org.jboss.ws.common.management] (MSC service thread 1-5) JBWS022052: Starting JBossWS 5.5.0.Final (Apache CXF 3.4.10) 
2023-02-06 18:08:08,677 INFO  [org.infinispan.CONTAINER] (ServerService Thread Pool -- 78) ISPN000128: Infinispan version: Infinispan 'Triskaidekaphobia' 13.0.10.Final
2023-02-06 18:08:08,727 INFO  [org.infinispan.CONTAINER] (ServerService Thread Pool -- 78) ISPN000556: Starting user marshaller 'org.wildfly.clustering.infinispan.spi.marshalling.InfinispanProtoStreamMarshaller'
2023-02-06 18:08:08,926 INFO  [org.infinispan.CONFIG] (MSC service thread 1-3) ISPN000152: Passivation configured without an eviction policy being selected. Only manually evicted entities will be passivated.
2023-02-06 18:08:08,927 INFO  [org.infinispan.CONFIG] (MSC service thread 1-3) ISPN000152: Passivation configured without an eviction policy being selected. Only manually evicted entities will be passivated.
2023-02-06 18:08:08,933 INFO  [org.infinispan.CONTAINER] (ServerService Thread Pool -- 78) ISPN000025: wakeUpInterval is <= 0, not starting expired purge thread
2023-02-06 18:08:08,936 INFO  [org.jboss.as.clustering.infinispan] (ServerService Thread Pool -- 78) WFLYCLINF0002: Started http-remoting-connector cache from ejb container
2023-02-06 18:08:08,988 INFO  [org.wildfly.extension.undertow] (ServerService Thread Pool -- 79) WFLYUT0021: Registered web context: '/helloworld' for server 'default-server'
2023-02-06 18:08:09,029 INFO  [org.jboss.as.server] (ServerService Thread Pool -- 45) WFLYSRV0010: Deployed "helloworld.war" (runtime-name : "helloworld.war")
2023-02-06 18:08:09,062 INFO  [org.jboss.as.server] (Controller Boot Thread) WFLYSRV0212: Resuming server
2023-02-06 18:08:09,064 INFO  [org.jboss.as] (Controller Boot Thread) WFLYSRV0025: WildFly Full 26.1.3.Final (WildFly Core 18.1.2.Final) started in 2745ms - Started 399 of 601 services (341 services are lazy, passive or on-demand) - Server configuration file in use: standalone.xml
2023-02-06 18:08:09,065 INFO  [org.jboss.as] (Controller Boot Thread) WFLYSRV0060: Http management interface listening on http://127.0.0.1:9990/management
2023-02-06 18:08:09,065 INFO  [org.jboss.as] (Controller Boot Thread) WFLYSRV0051: Admin console listening on http://127.0.0.1:9990
2023-02-06 18:08:20,955 INFO  [org.jboss.as.server] (Thread-1) WFLYSRV0272: Suspending server
2023-02-06 18:08:20,959 INFO  [org.jboss.as.ejb3] (Thread-1) WFLYEJB0493: Jakarta Enterprise Beans subsystem suspension complete
2023-02-06 18:08:20,961 INFO  [org.jboss.as.server] (Thread-1) WFLYSRV0220: Server shutdown has been requested via an OS signal
2023-02-06 18:08:20,968 INFO  [org.jboss.as.mail.extension] (MSC service thread 1-3) WFLYMAIL0002: Unbound mail session [java:jboss/mail/Default]
2023-02-06 18:08:20,969 INFO  [org.wildfly.extension.undertow] (ServerService Thread Pool -- 79) WFLYUT0022: Unregistered web context: '/helloworld' from server 'default-server'
2023-02-06 18:08:20,970 INFO  [org.wildfly.extension.undertow] (MSC service thread 1-5) WFLYUT0019: Host default-host stopping
2023-02-06 18:08:20,971 INFO  [org.jboss.as.connector.subsystems.datasources] (MSC service thread 1-4) WFLYJCA0010: Unbound data source [java:jboss/datasources/ExampleDS]
2023-02-06 18:08:20,971 INFO  [org.jboss.as.connector.deployers.jdbc] (MSC service thread 1-6) WFLYJCA0019: Stopped Driver service with driver-name = h2
2023-02-06 18:08:20,978 INFO  [org.jboss.as.clustering.infinispan] (ServerService Thread Pool -- 79) WFLYCLINF0003: Stopped http-remoting-connector cache from ejb container
2023-02-06 18:08:20,983 INFO  [org.wildfly.extension.undertow] (MSC service thread 1-4) WFLYUT0008: Undertow HTTPS listener https suspending
2023-02-06 18:08:20,983 INFO  [org.wildfly.extension.undertow] (MSC service thread 1-7) WFLYUT0008: Undertow HTTP listener default suspending
2023-02-06 18:08:20,983 INFO  [org.wildfly.extension.undertow] (MSC service thread 1-4) WFLYUT0007: Undertow HTTPS listener https stopped, was bound to 127.0.0.1:8443
2023-02-06 18:08:20,983 INFO  [org.jboss.as.server.deployment] (MSC service thread 1-2) WFLYSRV0028: Stopped deployment helloworld.war (runtime-name: helloworld.war) in 20ms
2023-02-06 18:08:20,984 INFO  [org.wildfly.extension.undertow] (MSC service thread 1-7) WFLYUT0007: Undertow HTTP listener default stopped, was bound to 127.0.0.1:8080
2023-02-06 18:08:20,984 INFO  [org.wildfly.extension.undertow] (MSC service thread 1-7) WFLYUT0004: Undertow 2.2.19.Final stopping
2023-02-06 18:08:20,990 INFO  [org.jboss.as] (MSC service thread 1-2) WFLYSRV0050: WildFly Full 26.1.3.Final (WildFly Core 18.1.2.Final) stopped in 26ms
2023-02-06 18:08:58,820 INFO  [org.jboss.modules] (main) JBoss Modules version 2.0.2.Final
2023-02-06 18:08:59,136 INFO  [org.jboss.msc] (main) JBoss MSC version 1.4.13.Final
2023-02-06 18:08:59,140 INFO  [org.jboss.threads] (main) JBoss Threads version 2.4.0.Final
2023-02-06 18:08:59,206 INFO  [org.jboss.as] (MSC service thread 1-2) WFLYSRV0049: WildFly Full 26.1.3.Final (WildFly Core 18.1.2.Final) starting
2023-02-06 18:08:59,207 DEBUG [org.jboss.as.config] (MSC service thread 1-2) Configured system properties:
	[Standalone] = 
	file.encoding = UTF-8
	file.separator = /
	java.awt.headless = true
	java.class.path = /home/takima/Workspace/HelloWorld/wildfly-26.1.3.Final/jboss-modules.jar
	java.class.version = 63.0
	java.home = /usr/lib/jvm/java-19-openjdk-amd64
	java.io.tmpdir = /tmp
	java.library.path = /usr/java/packages/lib:/usr/lib/x86_64-linux-gnu/jni:/lib/x86_64-linux-gnu:/usr/lib/x86_64-linux-gnu:/usr/lib/jni:/lib:/usr/lib
	java.net.preferIPv4Stack = true
	java.runtime.name = OpenJDK Runtime Environment
	java.runtime.version = 19.0.1+10-Ubuntu-1ubuntu122.04
	java.security.manager = allow
	java.specification.name = Java Platform API Specification
	java.specification.vendor = Oracle Corporation
	java.specification.version = 19
	java.util.logging.manager = org.jboss.logmanager.LogManager
	java.vendor = Private Build
	java.vendor.url = Unknown
	java.vendor.url.bug = Unknown
	java.version = 19.0.1
	java.version.date = 2022-10-18
	java.vm.compressedOopsMode = 32-bit
	java.vm.info = mixed mode, sharing
	java.vm.name = OpenJDK 64-Bit Server VM
	java.vm.specification.name = Java Virtual Machine Specification
	java.vm.specification.vendor = Oracle Corporation
	java.vm.specification.version = 19
	java.vm.vendor = Private Build
	java.vm.version = 19.0.1+10-Ubuntu-1ubuntu122.04
	javax.management.builder.initial = org.jboss.as.jmx.PluggableMBeanServerBuilder
	jboss.home.dir = /home/takima/Workspace/HelloWorld/wildfly-26.1.3.Final
	jboss.host.name = laptop-1081
	jboss.modules.dir = /home/takima/Workspace/HelloWorld/wildfly-26.1.3.Final/modules
	jboss.modules.system.pkgs = org.jboss.byteman
	jboss.node.name = laptop-1081
	jboss.qualified.host.name = laptop-1081
	jboss.server.base.dir = /home/takima/Workspace/HelloWorld/wildfly-26.1.3.Final/standalone
	jboss.server.config.dir = /home/takima/Workspace/HelloWorld/wildfly-26.1.3.Final/standalone/configuration
	jboss.server.data.dir = /home/takima/Workspace/HelloWorld/wildfly-26.1.3.Final/standalone/data
	jboss.server.deploy.dir = /home/takima/Workspace/HelloWorld/wildfly-26.1.3.Final/standalone/data/content
	jboss.server.log.dir = /home/takima/Workspace/HelloWorld/wildfly-26.1.3.Final/standalone/log
	jboss.server.name = laptop-1081
	jboss.server.persist.config = true
	jboss.server.temp.dir = /home/takima/Workspace/HelloWorld/wildfly-26.1.3.Final/standalone/tmp
	jdk.debug = release
	line.separator = 

	logging.configuration = file:/home/takima/Workspace/HelloWorld/wildfly-26.1.3.Final/standalone/configuration/logging.properties
	module.path = /home/takima/Workspace/HelloWorld/wildfly-26.1.3.Final/modules
	native.encoding = UTF-8
	org.jboss.boot.log.file = /home/takima/Workspace/HelloWorld/wildfly-26.1.3.Final/standalone/log/server.log
	org.jboss.resolver.warning = true
	os.arch = amd64
	os.name = Linux
	os.version = 5.15.0-58-generic
	path.separator = :
	stderr.encoding = UTF-8
	stdout.encoding = UTF-8
	sun.arch.data.model = 64
	sun.boot.library.path = /usr/lib/jvm/java-19-openjdk-amd64/lib
	sun.cpu.endian = little
	sun.io.unicode.encoding = UnicodeLittle
	sun.java.command = /home/takima/Workspace/HelloWorld/wildfly-26.1.3.Final/jboss-modules.jar -mp /home/takima/Workspace/HelloWorld/wildfly-26.1.3.Final/modules org.jboss.as.standalone -Djboss.home.dir=/home/takima/Workspace/HelloWorld/wildfly-26.1.3.Final -Djboss.server.base.dir=/home/takima/Workspace/HelloWorld/wildfly-26.1.3.Final/standalone
	sun.java.launcher = SUN_STANDARD
	sun.jnu.encoding = UTF-8
	sun.management.compiler = HotSpot 64-Bit Tiered Compilers
	user.country = FR
	user.dir = /home/takima/Workspace/HelloWorld
	user.home = /home/takima
	user.language = fr
	user.name = takima
	user.timezone = Europe/Paris
2023-02-06 18:08:59,209 DEBUG [org.jboss.as.config] (MSC service thread 1-2) VM Arguments: -D[Standalone] -Xms64m -Xmx512m -XX:MetaspaceSize=96M -XX:MaxMetaspaceSize=256m -Djava.net.preferIPv4Stack=true -Djboss.modules.system.pkgs=org.jboss.byteman -Djava.awt.headless=true --add-exports=java.desktop/sun.awt=ALL-UNNAMED --add-exports=java.naming/com.sun.jndi.ldap=ALL-UNNAMED --add-exports=java.naming/com.sun.jndi.url.ldap=ALL-UNNAMED --add-exports=java.naming/com.sun.jndi.url.ldaps=ALL-UNNAMED --add-opens=java.base/java.lang=ALL-UNNAMED --add-opens=java.base/java.lang.invoke=ALL-UNNAMED --add-opens=java.base/java.lang.reflect=ALL-UNNAMED --add-opens=java.base/java.io=ALL-UNNAMED --add-opens=java.base/java.security=ALL-UNNAMED --add-opens=java.base/java.util=ALL-UNNAMED --add-opens=java.base/java.util.concurrent=ALL-UNNAMED --add-opens=java.management/javax.management=ALL-UNNAMED --add-opens=java.naming/javax.naming=ALL-UNNAMED -Djava.security.manager=allow -Dorg.jboss.boot.log.file=/home/takima/Workspace/HelloWorld/wildfly-26.1.3.Final/standalone/log/server.log -Dlogging.configuration=file:/home/takima/Workspace/HelloWorld/wildfly-26.1.3.Final/standalone/configuration/logging.properties 
2023-02-06 18:08:59,614 INFO  [org.wildfly.security] (ServerService Thread Pool -- 8) ELY00001: WildFly Elytron version 1.19.1.Final
2023-02-06 18:08:59,958 INFO  [org.jboss.as.server] (Controller Boot Thread) WFLYSRV0039: Creating http management service using socket-binding (management-http)
2023-02-06 18:08:59,968 INFO  [org.xnio] (MSC service thread 1-1) XNIO version 3.8.7.Final
2023-02-06 18:08:59,972 INFO  [org.xnio.nio] (MSC service thread 1-1) XNIO NIO Implementation Version 3.8.7.Final
2023-02-06 18:08:59,990 INFO  [org.jboss.as.jaxrs] (ServerService Thread Pool -- 56) WFLYRS0016: RESTEasy version 4.7.7.Final
2023-02-06 18:08:59,990 INFO  [org.wildfly.extension.health] (ServerService Thread Pool -- 53) WFLYHEALTH0001: Activating Base Health Subsystem
2023-02-06 18:08:59,991 INFO  [org.jboss.as.clustering.infinispan] (ServerService Thread Pool -- 54) WFLYCLINF0001: Activating Infinispan subsystem.
2023-02-06 18:08:59,992 INFO  [org.wildfly.extension.elytron.oidc._private] (ServerService Thread Pool -- 52) WFLYOIDC0001: Activating WildFly Elytron OIDC Subsystem
2023-02-06 18:08:59,998 INFO  [org.wildfly.extension.microprofile.config.smallrye] (ServerService Thread Pool -- 64) WFLYCONF0001: Activating MicroProfile Config Subsystem
2023-02-06 18:09:00,004 INFO  [org.wildfly.extension.metrics] (ServerService Thread Pool -- 63) WFLYMETRICS0001: Activating Base Metrics Subsystem
2023-02-06 18:09:00,006 INFO  [org.wildfly.extension.microprofile.jwt.smallrye] (ServerService Thread Pool -- 65) WFLYJWT0001: Activating MicroProfile JWT Subsystem
2023-02-06 18:09:00,006 INFO  [org.jboss.as.naming] (ServerService Thread Pool -- 67) WFLYNAM0001: Activating Naming Subsystem
2023-02-06 18:09:00,005 INFO  [org.wildfly.extension.io] (ServerService Thread Pool -- 55) WFLYIO001: Worker 'default' has auto-configured to 24 IO threads with 192 max task threads based on your 12 available processors
2023-02-06 18:09:00,009 INFO  [org.jboss.as.connector] (MSC service thread 1-2) WFLYJCA0009: Starting Jakarta Connectors Subsystem (WildFly/IronJacamar 1.5.3.Final)
2023-02-06 18:09:00,012 INFO  [org.jboss.as.jsf] (ServerService Thread Pool -- 61) WFLYJSF0007: Activated the following Jakarta Server Faces Implementations: [main]
2023-02-06 18:09:00,012 INFO  [org.wildfly.extension.microprofile.opentracing] (ServerService Thread Pool -- 66) WFLYTRACEXT0001: Activating MicroProfile OpenTracing Subsystem
2023-02-06 18:09:00,024 WARN  [org.jboss.as.txn] (ServerService Thread Pool -- 74) WFLYTX0013: The node-identifier attribute on the /subsystem=transactions is set to the default value. This is a danger for environments running multiple servers. Please make sure the attribute value is unique.
2023-02-06 18:09:00,027 INFO  [org.jboss.as.connector.subsystems.datasources] (ServerService Thread Pool -- 44) WFLYJCA0004: Deploying JDBC-compliant driver class org.h2.Driver (version 1.4)
2023-02-06 18:09:00,028 INFO  [org.jboss.as.webservices] (ServerService Thread Pool -- 76) WFLYWS0002: Activating WebServices Extension
2023-02-06 18:09:00,033 INFO  [org.jboss.as.connector.deployers.jdbc] (MSC service thread 1-7) WFLYJCA0018: Started Driver service with driver-name = h2
2023-02-06 18:09:00,065 INFO  [org.jboss.remoting] (MSC service thread 1-8) JBoss Remoting version 5.0.25.Final
2023-02-06 18:09:00,073 INFO  [org.jboss.as.naming] (MSC service thread 1-6) WFLYNAM0003: Starting Naming Service
2023-02-06 18:09:00,077 INFO  [org.jboss.as.mail.extension] (MSC service thread 1-2) WFLYMAIL0001: Bound mail session [java:jboss/mail/Default]
2023-02-06 18:09:00,078 INFO  [org.wildfly.extension.undertow] (MSC service thread 1-5) WFLYUT0003: Undertow 2.2.19.Final starting
2023-02-06 18:09:00,095 WARN  [org.wildfly.extension.elytron] (MSC service thread 1-2) WFLYELY00023: KeyStore file '/home/takima/Workspace/HelloWorld/wildfly-26.1.3.Final/standalone/configuration/application.keystore' does not exist. Used blank.
2023-02-06 18:09:00,109 WARN  [org.wildfly.extension.elytron] (MSC service thread 1-2) WFLYELY01084: KeyStore /home/takima/Workspace/HelloWorld/wildfly-26.1.3.Final/standalone/configuration/application.keystore not found, it will be auto generated on first use with a self-signed certificate for host localhost
2023-02-06 18:09:00,129 INFO  [org.jboss.as.ejb3] (MSC service thread 1-2) WFLYEJB0482: Strict pool mdb-strict-max-pool is using a max instance size of 48 (per class), which is derived from the number of CPUs on this host.
2023-02-06 18:09:00,129 INFO  [org.jboss.as.ejb3] (MSC service thread 1-6) WFLYEJB0481: Strict pool slsb-strict-max-pool is using a max instance size of 192 (per class), which is derived from thread worker pool sizing.
2023-02-06 18:09:00,152 INFO  [org.wildfly.extension.undertow] (ServerService Thread Pool -- 75) WFLYUT0014: Creating file handler for path '/home/takima/Workspace/HelloWorld/wildfly-26.1.3.Final/welcome-content' with options [directory-listing: 'false', follow-symlink: 'false', case-sensitive: 'true', safe-symlink-paths: '[]']
2023-02-06 18:09:00,156 INFO  [org.wildfly.extension.undertow] (MSC service thread 1-2) WFLYUT0012: Started server default-server.
2023-02-06 18:09:00,156 INFO  [org.wildfly.extension.undertow] (MSC service thread 1-7) Queuing requests.
2023-02-06 18:09:00,157 INFO  [org.wildfly.extension.undertow] (MSC service thread 1-7) WFLYUT0018: Host default-host starting
2023-02-06 18:09:00,200 INFO  [org.wildfly.extension.undertow] (MSC service thread 1-6) WFLYUT0006: Undertow HTTP listener default listening on 127.0.0.1:8080
2023-02-06 18:09:00,226 INFO  [org.jboss.as.ejb3] (MSC service thread 1-8) WFLYEJB0493: Jakarta Enterprise Beans subsystem suspension complete
2023-02-06 18:09:00,271 INFO  [org.jboss.as.connector.subsystems.datasources] (MSC service thread 1-2) WFLYJCA0001: Bound data source [java:jboss/datasources/ExampleDS]
2023-02-06 18:09:00,273 INFO  [org.wildfly.extension.undertow] (MSC service thread 1-8) WFLYUT0006: Undertow HTTPS listener https listening on 127.0.0.1:8443
2023-02-06 18:09:00,366 INFO  [org.jboss.as.patching] (MSC service thread 1-3) WFLYPAT0050: WildFly Full cumulative patch ID is: base, one-off patches include: none
2023-02-06 18:09:00,369 INFO  [org.jboss.as.server.deployment.scanner] (MSC service thread 1-7) WFLYDS0013: Started FileSystemDeploymentService for directory /home/takima/Workspace/HelloWorld/wildfly-26.1.3.Final/standalone/deployments
2023-02-06 18:09:00,373 INFO  [org.jboss.as.server.deployment] (MSC service thread 1-8) WFLYSRV0027: Starting deployment of "helloworld.war" (runtime-name: "helloworld.war")
2023-02-06 18:09:00,399 INFO  [org.jboss.ws.common.management] (MSC service thread 1-1) JBWS022052: Starting JBossWS 5.5.0.Final (Apache CXF 3.4.10) 
2023-02-06 18:09:00,890 INFO  [org.infinispan.CONTAINER] (ServerService Thread Pool -- 78) ISPN000128: Infinispan version: Infinispan 'Triskaidekaphobia' 13.0.10.Final
2023-02-06 18:09:00,939 INFO  [org.infinispan.CONTAINER] (ServerService Thread Pool -- 78) ISPN000556: Starting user marshaller 'org.wildfly.clustering.infinispan.spi.marshalling.InfinispanProtoStreamMarshaller'
2023-02-06 18:09:01,146 INFO  [org.infinispan.CONFIG] (MSC service thread 1-6) ISPN000152: Passivation configured without an eviction policy being selected. Only manually evicted entities will be passivated.
2023-02-06 18:09:01,146 INFO  [org.infinispan.CONFIG] (MSC service thread 1-6) ISPN000152: Passivation configured without an eviction policy being selected. Only manually evicted entities will be passivated.
2023-02-06 18:09:01,152 INFO  [org.infinispan.CONTAINER] (ServerService Thread Pool -- 78) ISPN000025: wakeUpInterval is <= 0, not starting expired purge thread
2023-02-06 18:09:01,154 INFO  [org.jboss.as.clustering.infinispan] (ServerService Thread Pool -- 78) WFLYCLINF0002: Started http-remoting-connector cache from ejb container
2023-02-06 18:09:01,204 INFO  [org.wildfly.extension.undertow] (ServerService Thread Pool -- 78) WFLYUT0021: Registered web context: '/helloworld' for server 'default-server'
2023-02-06 18:09:01,240 INFO  [org.jboss.as.server] (ServerService Thread Pool -- 45) WFLYSRV0010: Deployed "helloworld.war" (runtime-name : "helloworld.war")
2023-02-06 18:09:01,270 INFO  [org.jboss.as.server] (Controller Boot Thread) WFLYSRV0212: Resuming server
2023-02-06 18:09:01,272 INFO  [org.jboss.as] (Controller Boot Thread) WFLYSRV0025: WildFly Full 26.1.3.Final (WildFly Core 18.1.2.Final) started in 2678ms - Started 399 of 601 services (341 services are lazy, passive or on-demand) - Server configuration file in use: standalone.xml
2023-02-06 18:09:01,273 INFO  [org.jboss.as] (Controller Boot Thread) WFLYSRV0060: Http management interface listening on http://127.0.0.1:9990/management
2023-02-06 18:09:01,273 INFO  [org.jboss.as] (Controller Boot Thread) WFLYSRV0051: Admin console listening on http://127.0.0.1:9990
2023-02-06 18:09:06,312 INFO  [org.jboss.as.server] (Thread-1) WFLYSRV0272: Suspending server
2023-02-06 18:09:06,313 INFO  [org.jboss.as.ejb3] (Thread-1) WFLYEJB0493: Jakarta Enterprise Beans subsystem suspension complete
2023-02-06 18:09:06,314 INFO  [org.jboss.as.server] (Thread-1) WFLYSRV0220: Server shutdown has been requested via an OS signal
2023-02-06 18:09:06,319 INFO  [org.jboss.as.mail.extension] (MSC service thread 1-1) WFLYMAIL0002: Unbound mail session [java:jboss/mail/Default]
2023-02-06 18:09:06,321 INFO  [org.wildfly.extension.undertow] (ServerService Thread Pool -- 78) WFLYUT0022: Unregistered web context: '/helloworld' from server 'default-server'
2023-02-06 18:09:06,322 INFO  [org.wildfly.extension.undertow] (MSC service thread 1-4) WFLYUT0019: Host default-host stopping
2023-02-06 18:09:06,322 INFO  [org.jboss.as.connector.subsystems.datasources] (MSC service thread 1-6) WFLYJCA0010: Unbound data source [java:jboss/datasources/ExampleDS]
2023-02-06 18:09:06,323 INFO  [org.jboss.as.connector.deployers.jdbc] (MSC service thread 1-6) WFLYJCA0019: Stopped Driver service with driver-name = h2
2023-02-06 18:09:06,330 INFO  [org.jboss.as.clustering.infinispan] (ServerService Thread Pool -- 37) WFLYCLINF0003: Stopped http-remoting-connector cache from ejb container
2023-02-06 18:09:06,336 INFO  [org.wildfly.extension.undertow] (MSC service thread 1-4) WFLYUT0008: Undertow HTTP listener default suspending
2023-02-06 18:09:06,336 INFO  [org.wildfly.extension.undertow] (MSC service thread 1-2) WFLYUT0008: Undertow HTTPS listener https suspending
2023-02-06 18:09:06,337 INFO  [org.wildfly.extension.undertow] (MSC service thread 1-2) WFLYUT0007: Undertow HTTPS listener https stopped, was bound to 127.0.0.1:8443
2023-02-06 18:09:06,337 INFO  [org.wildfly.extension.undertow] (MSC service thread 1-4) WFLYUT0007: Undertow HTTP listener default stopped, was bound to 127.0.0.1:8080
2023-02-06 18:09:06,338 INFO  [org.wildfly.extension.undertow] (MSC service thread 1-6) WFLYUT0004: Undertow 2.2.19.Final stopping
2023-02-06 18:09:06,338 INFO  [org.jboss.as.server.deployment] (MSC service thread 1-1) WFLYSRV0028: Stopped deployment helloworld.war (runtime-name: helloworld.war) in 23ms
2023-02-06 18:09:06,346 INFO  [org.jboss.as] (MSC service thread 1-4) WFLYSRV0050: WildFly Full 26.1.3.Final (WildFly Core 18.1.2.Final) stopped in 29ms
